#-----------------------------------------------------------
# Vivado v2018.3 (64-bit)
# SW Build 2405991 on Thu Dec  6 23:38:27 MST 2018
# IP Build 2404404 on Fri Dec  7 01:43:56 MST 2018
# Start of session at: Fri Mar  1 13:50:55 2019
# Process ID: 3008
# Current directory: C:/Users/SET253-14U.HCCMAIN/Documents/GitHub/ENES247_TRUC/lab4-PriorityEncoders_ROM/5ROMmultiply/ROM_multiply
# Command line: vivado.exe -gui_launcher_event rodinguilauncherevent5592 C:\Users\SET253-14U.HCCMAIN\Documents\GitHub\ENES247_TRUC\lab4-PriorityEncoders_ROM\5ROMmultiply\ROM_multiply\ROM_multiply.xpr
# Log file: C:/Users/SET253-14U.HCCMAIN/Documents/GitHub/ENES247_TRUC/lab4-PriorityEncoders_ROM/5ROMmultiply/ROM_multiply/vivado.log
# Journal file: C:/Users/SET253-14U.HCCMAIN/Documents/GitHub/ENES247_TRUC/lab4-PriorityEncoders_ROM/5ROMmultiply/ROM_multiply\vivado.jou
#-----------------------------------------------------------
start_gui
open_project C:/Users/SET253-14U.HCCMAIN/Documents/GitHub/ENES247_TRUC/lab4-PriorityEncoders_ROM/5ROMmultiply/ROM_multiply/ROM_multiply.xpr
INFO: [ProjectBase 1-489] The host OS only allows 260 characters in a normal path. The project is stored in a path with more than 80 characters. If you experience issues with IP, Block Designs, or files not being found, please consider moving the project to a location with a shorter path. Alternately consider using the OS subst command to map part of the path to a drive letter.
Current project path is 'C:/Users/SET253-14U.HCCMAIN/Documents/GitHub/ENES247_TRUC/lab4-PriorityEncoders_ROM/5ROMmultiply/ROM_multiply'
Scanning sources...
Finished scanning sources
INFO: [IP_Flow 19-234] Refreshing IP repositories
INFO: [IP_Flow 19-1704] No user IP repositories specified
INFO: [IP_Flow 19-2313] Loaded Vivado IP repository 'C:/Xilinx/Vivado/2018.3/data/ip'.
open_project: Time (s): cpu = 00:00:10 ; elapsed = 00:00:05 . Memory (MB): peak = 716.027 ; gain = 107.082
update_compile_order -fileset sources_1
exit
INFO: [Common 17-206] Exiting Vivado at Fri Mar  1 13:54:04 2019...
