#-----------------------------------------------------------
# Vivado v2018.3 (64-bit)
# SW Build 2405991 on Thu Dec  6 23:38:27 MST 2018
# IP Build 2404404 on Fri Dec  7 01:43:56 MST 2018
# Start of session at: Thu Mar  7 14:06:47 2019
# Process ID: 10472
# Current directory: C:/Users/SET253-08U.HCCMAIN/Documents/GitHub/ENES247_TRUC/lab4-PriorityEncoders_ROM/5ROMmultiply/ROM_multiply
# Command line: vivado.exe -gui_launcher_event rodinguilauncherevent12056 C:\Users\SET253-08U.HCCMAIN\Documents\GitHub\ENES247_TRUC\lab4-PriorityEncoders_ROM\5ROMmultiply\ROM_multiply\ROM_multiply.xpr
# Log file: C:/Users/SET253-08U.HCCMAIN/Documents/GitHub/ENES247_TRUC/lab4-PriorityEncoders_ROM/5ROMmultiply/ROM_multiply/vivado.log
# Journal file: C:/Users/SET253-08U.HCCMAIN/Documents/GitHub/ENES247_TRUC/lab4-PriorityEncoders_ROM/5ROMmultiply/ROM_multiply\vivado.jou
#-----------------------------------------------------------
start_gui
open_project C:/Users/SET253-08U.HCCMAIN/Documents/GitHub/ENES247_TRUC/lab4-PriorityEncoders_ROM/5ROMmultiply/ROM_multiply/ROM_multiply.xpr
INFO: [ProjectBase 1-489] The host OS only allows 260 characters in a normal path. The project is stored in a path with more than 80 characters. If you experience issues with IP, Block Designs, or files not being found, please consider moving the project to a location with a shorter path. Alternately consider using the OS subst command to map part of the path to a drive letter.
Current project path is 'C:/Users/SET253-08U.HCCMAIN/Documents/GitHub/ENES247_TRUC/lab4-PriorityEncoders_ROM/5ROMmultiply/ROM_multiply'
INFO: [Project 1-313] Project file moved from 'C:/Users/SET253-14U.HCCMAIN/Documents/GitHub/ENES247_TRUC/lab4-PriorityEncoders_ROM/5ROMmultiply/ROM_multiply' since last save.
Scanning sources...
Finished scanning sources
WARNING: [filemgmt 56-2] IPUserFilesDir: Could not find the directory 'C:/Users/SET253-08U.HCCMAIN/Documents/GitHub/ENES247_TRUC/lab4-PriorityEncoders_ROM/5ROMmultiply/ROM_multiply/ROM_multiply.ip_user_files', nor could it be found using path 'C:/Users/SET253-14U.HCCMAIN/Documents/GitHub/ENES247_TRUC/lab4-PriorityEncoders_ROM/5ROMmultiply/ROM_multiply/ROM_multiply.ip_user_files'.
INFO: [IP_Flow 19-234] Refreshing IP repositories
INFO: [IP_Flow 19-1704] No user IP repositories specified
INFO: [IP_Flow 19-2313] Loaded Vivado IP repository 'C:/Xilinx/Vivado/2018.3/data/ip'.
open_project: Time (s): cpu = 00:00:19 ; elapsed = 00:00:12 . Memory (MB): peak = 718.398 ; gain = 165.758
update_compile_order -fileset sources_1
synth_design -rtl -name rtl_1
Command: synth_design -rtl -name rtl_1
Starting synth_design
Using part: xc7a100tcsg324-1
Top: rom_multiplier
---------------------------------------------------------------------------------
Starting RTL Elaboration : Time (s): cpu = 00:00:02 ; elapsed = 00:00:03 . Memory (MB): peak = 791.172 ; gain = 72.773
---------------------------------------------------------------------------------
INFO: [Synth 8-6157] synthesizing module 'rom_multiplier' [C:/Users/SET253-08U.HCCMAIN/Documents/GitHub/ENES247_TRUC/lab4-PriorityEncoders_ROM/5ROMmultiply/ROM_multiplier.v:6]
INFO: [Synth 8-3876] $readmem data file 'ROM_multiplier.txt' is read successfully [C:/Users/SET253-08U.HCCMAIN/Documents/GitHub/ENES247_TRUC/lab4-PriorityEncoders_ROM/5ROMmultiply/ROM_multiplier.v:25]
INFO: [Synth 8-6155] done synthesizing module 'rom_multiplier' (1#1) [C:/Users/SET253-08U.HCCMAIN/Documents/GitHub/ENES247_TRUC/lab4-PriorityEncoders_ROM/5ROMmultiply/ROM_multiplier.v:6]
---------------------------------------------------------------------------------
Finished RTL Elaboration : Time (s): cpu = 00:00:03 ; elapsed = 00:00:03 . Memory (MB): peak = 832.848 ; gain = 114.449
---------------------------------------------------------------------------------

Report Check Netlist: 
+------+------------------+-------+---------+-------+------------------+
|      |Item              |Errors |Warnings |Status |Description       |
+------+------------------+-------+---------+-------+------------------+
|1     |multi_driven_nets |      0|        0|Passed |Multi driven nets |
+------+------------------+-------+---------+-------+------------------+
---------------------------------------------------------------------------------
Start Handling Custom Attributes
---------------------------------------------------------------------------------
---------------------------------------------------------------------------------
Finished Handling Custom Attributes : Time (s): cpu = 00:00:03 ; elapsed = 00:00:03 . Memory (MB): peak = 832.848 ; gain = 114.449
---------------------------------------------------------------------------------
---------------------------------------------------------------------------------
Finished RTL Optimization Phase 1 : Time (s): cpu = 00:00:03 ; elapsed = 00:00:03 . Memory (MB): peak = 832.848 ; gain = 114.449
---------------------------------------------------------------------------------
INFO: [Device 21-403] Loading part xc7a100tcsg324-1
INFO: [Project 1-570] Preparing netlist for logic optimization

Processing XDC Constraints
Initializing timing engine
Parsing XDC File [C:/Users/SET253-08U.HCCMAIN/Documents/GitHub/ENES247_TRUC/lab4-PriorityEncoders_ROM/5ROMmultiply/Nexys4DDR_Master.xdc]
Finished Parsing XDC File [C:/Users/SET253-08U.HCCMAIN/Documents/GitHub/ENES247_TRUC/lab4-PriorityEncoders_ROM/5ROMmultiply/Nexys4DDR_Master.xdc]
Completed Processing XDC Constraints

INFO: [Opt 31-138] Pushed 0 inverter(s) to 0 load pin(s).
Netlist sorting complete. Time (s): cpu = 00:00:00 ; elapsed = 00:00:00 . Memory (MB): peak = 1082.641 ; gain = 0.000
INFO: [Project 1-111] Unisim Transformation Summary:
No Unisim elements were transformed.

RTL Elaboration Complete:  : Time (s): cpu = 00:00:18 ; elapsed = 00:00:14 . Memory (MB): peak = 1212.594 ; gain = 494.195
7 Infos, 0 Warnings, 0 Critical Warnings and 0 Errors encountered.
synth_design completed successfully
synth_design: Time (s): cpu = 00:00:18 ; elapsed = 00:00:14 . Memory (MB): peak = 1212.594 ; gain = 494.195
refresh_design
---------------------------------------------------------------------------------
Starting RTL Elaboration : Time (s): cpu = 00:00:03 ; elapsed = 00:00:02 . Memory (MB): peak = 1212.594 ; gain = 0.000
---------------------------------------------------------------------------------
INFO: [Synth 8-6157] synthesizing module 'rom_multiplier' [C:/Users/SET253-08U.HCCMAIN/Documents/GitHub/ENES247_TRUC/lab4-PriorityEncoders_ROM/5ROMmultiply/ROM_multiplier.v:6]
INFO: [Synth 8-3876] $readmem data file 'ROM_multiplier.txt' is read successfully [C:/Users/SET253-08U.HCCMAIN/Documents/GitHub/ENES247_TRUC/lab4-PriorityEncoders_ROM/5ROMmultiply/ROM_multiplier.v:25]
INFO: [Synth 8-6155] done synthesizing module 'rom_multiplier' (1#1) [C:/Users/SET253-08U.HCCMAIN/Documents/GitHub/ENES247_TRUC/lab4-PriorityEncoders_ROM/5ROMmultiply/ROM_multiplier.v:6]
---------------------------------------------------------------------------------
Finished RTL Elaboration : Time (s): cpu = 00:00:03 ; elapsed = 00:00:03 . Memory (MB): peak = 1230.066 ; gain = 17.473
---------------------------------------------------------------------------------

Report Check Netlist: 
+------+------------------+-------+---------+-------+------------------+
|      |Item              |Errors |Warnings |Status |Description       |
+------+------------------+-------+---------+-------+------------------+
|1     |multi_driven_nets |      0|        0|Passed |Multi driven nets |
+------+------------------+-------+---------+-------+------------------+
---------------------------------------------------------------------------------
Start Handling Custom Attributes
---------------------------------------------------------------------------------
---------------------------------------------------------------------------------
Finished Handling Custom Attributes : Time (s): cpu = 00:00:03 ; elapsed = 00:00:03 . Memory (MB): peak = 1230.066 ; gain = 17.473
---------------------------------------------------------------------------------
---------------------------------------------------------------------------------
Finished RTL Optimization Phase 1 : Time (s): cpu = 00:00:03 ; elapsed = 00:00:03 . Memory (MB): peak = 1230.066 ; gain = 17.473
---------------------------------------------------------------------------------
INFO: [Project 1-570] Preparing netlist for logic optimization

Processing XDC Constraints
Initializing timing engine
Parsing XDC File [C:/Users/SET253-08U.HCCMAIN/Documents/GitHub/ENES247_TRUC/lab4-PriorityEncoders_ROM/5ROMmultiply/Nexys4DDR_Master.xdc]
Finished Parsing XDC File [C:/Users/SET253-08U.HCCMAIN/Documents/GitHub/ENES247_TRUC/lab4-PriorityEncoders_ROM/5ROMmultiply/Nexys4DDR_Master.xdc]
Completed Processing XDC Constraints

INFO: [Opt 31-138] Pushed 0 inverter(s) to 0 load pin(s).
refresh_design: Time (s): cpu = 00:00:12 ; elapsed = 00:00:07 . Memory (MB): peak = 1237.867 ; gain = 25.273
reset_run synth_1
launch_runs impl_1 -to_step write_bitstream -jobs 2
[Thu Mar  7 14:09:49 2019] Launched synth_1...
Run output will be captured here: C:/Users/SET253-08U.HCCMAIN/Documents/GitHub/ENES247_TRUC/lab4-PriorityEncoders_ROM/5ROMmultiply/ROM_multiply/ROM_multiply.runs/synth_1/runme.log
[Thu Mar  7 14:09:49 2019] Launched impl_1...
Run output will be captured here: C:/Users/SET253-08U.HCCMAIN/Documents/GitHub/ENES247_TRUC/lab4-PriorityEncoders_ROM/5ROMmultiply/ROM_multiply/ROM_multiply.runs/impl_1/runme.log
close_design
open_run impl_1
INFO: [Project 1-479] Netlist was created with Vivado 2018.3
INFO: [Project 1-570] Preparing netlist for logic optimization
INFO: [Timing 38-478] Restoring timing data from binary archive.
INFO: [Timing 38-479] Binary timing data restore complete.
INFO: [Project 1-856] Restoring constraints from binary archive.
INFO: [Project 1-853] Binary constraint restore complete.
Reading XDEF placement.
Reading placer database...
Reading XDEF routing.
Read XDEF File: Time (s): cpu = 00:00:00 ; elapsed = 00:00:00.059 . Memory (MB): peak = 1736.402 ; gain = 0.000
Restored from archive | CPU: 0.000000 secs | Memory: 0.000000 MB |
Finished XDEF File Restore: Time (s): cpu = 00:00:00 ; elapsed = 00:00:00.059 . Memory (MB): peak = 1736.402 ; gain = 0.000
Netlist sorting complete. Time (s): cpu = 00:00:00 ; elapsed = 00:00:00 . Memory (MB): peak = 1736.402 ; gain = 0.000
INFO: [Project 1-111] Unisim Transformation Summary:
No Unisim elements were transformed.

open_run: Time (s): cpu = 00:00:15 ; elapsed = 00:00:14 . Memory (MB): peak = 1788.207 ; gain = 505.660
WARNING: [Timing 38-313] There are no user specified timing constraints. Timing constraints are needed for proper timing analysis.
close_design
open_run synth_1 -name synth_1
Design is defaulting to impl run constrset: constrs_1
Design is defaulting to synth run part: xc7a100tcsg324-1
INFO: [Project 1-479] Netlist was created with Vivado 2018.3
INFO: [Project 1-570] Preparing netlist for logic optimization
Parsing XDC File [C:/Users/SET253-08U.HCCMAIN/Documents/GitHub/ENES247_TRUC/lab4-PriorityEncoders_ROM/5ROMmultiply/Nexys4DDR_Master.xdc]
Finished Parsing XDC File [C:/Users/SET253-08U.HCCMAIN/Documents/GitHub/ENES247_TRUC/lab4-PriorityEncoders_ROM/5ROMmultiply/Nexys4DDR_Master.xdc]
INFO: [Opt 31-138] Pushed 0 inverter(s) to 0 load pin(s).
Netlist sorting complete. Time (s): cpu = 00:00:00 ; elapsed = 00:00:00 . Memory (MB): peak = 1813.574 ; gain = 0.000
INFO: [Project 1-111] Unisim Transformation Summary:
No Unisim elements were transformed.

open_hw
connect_hw_server
INFO: [Labtools 27-2285] Connecting to hw_server url TCP:localhost:3121
INFO: [Labtools 27-2222] Launching hw_server...
INFO: [Labtools 27-2221] Launch Output:

****** Xilinx hw_server v2018.3
  **** Build date : Dec  7 2018-00:40:27
    ** Copyright 1986-2018 Xilinx, Inc. All Rights Reserved.


open_hw_target
INFO: [Labtoolstcl 44-466] Opening hw_target localhost:3121/xilinx_tcf/Digilent/210292A6EED3A
ERROR: [Labtools 27-2269] No devices detected on target localhost:3121/xilinx_tcf/Digilent/210292A6EED3A.
Check cable connectivity and that the target board is powered up then
use the disconnect_hw_server and connect_hw_server to re-register this hardware target.
ERROR: [Common 17-39] 'open_hw_target' failed due to earlier errors.
set_property PROBES.FILE {} [get_hw_devices xc7a100t_0]
set_property FULL_PROBES.FILE {} [get_hw_devices xc7a100t_0]
set_property PROGRAM.FILE {C:/Users/SET253-08U.HCCMAIN/Documents/GitHub/ENES247_TRUC/lab4-PriorityEncoders_ROM/5ROMmultiply/ROM_multiply/ROM_multiply.runs/impl_1/rom_multiplier.bit} [get_hw_devices xc7a100t_0]
program_hw_devices [get_hw_devices xc7a100t_0]
INFO: [Labtools 27-3164] End of startup status: HIGH
refresh_hw_device [lindex [get_hw_devices xc7a100t_0] 0]
INFO: [Labtools 27-1434] Device xc7a100t (JTAG device index = 0) is programmed with a design that has no supported debug core(s) in it.
set_property PROBES.FILE {} [get_hw_devices xc7a100t_0]
set_property FULL_PROBES.FILE {} [get_hw_devices xc7a100t_0]
set_property PROGRAM.FILE {C:/Users/SET253-08U.HCCMAIN/Documents/GitHub/ENES247_TRUC/lab4-PriorityEncoders_ROM/5ROMmultiply/ROM_multiply/ROM_multiply.runs/impl_1/rom_multiplier.bit} [get_hw_devices xc7a100t_0]
program_hw_devices [get_hw_devices xc7a100t_0]
INFO: [Labtools 27-3164] End of startup status: HIGH
refresh_hw_device [lindex [get_hw_devices xc7a100t_0] 0]
INFO: [Labtools 27-1434] Device xc7a100t (JTAG device index = 0) is programmed with a design that has no supported debug core(s) in it.
ERROR: [Labtoolstcl 44-513] HW Target shutdown. Closing target: localhost:3121/xilinx_tcf/Digilent/210292A6EED3A
INFO: [Labtoolstcl 44-466] Opening hw_target localhost:3121/xilinx_tcf/Digilent/210292A6EED3A
INFO: [Labtools 27-1435] Device xc7a100t (JTAG device index = 0) is not programmed (DONE status = 0).
WARNING: [Labtoolstcl 44-129] No matching hw_ila_data was found.
ERROR: [Labtoolstcl 44-513] HW Target shutdown. Closing target: localhost:3121/xilinx_tcf/Digilent/210292A6EED3A
INFO: [Labtoolstcl 44-466] Opening hw_target localhost:3121/xilinx_tcf/Digilent/210292A6EED3A
INFO: [Labtools 27-1435] Device xc7a100t (JTAG device index = 0) is not programmed (DONE status = 0).
WARNING: [Labtoolstcl 44-129] No matching hw_ila_data was found.
set_property PROBES.FILE {} [get_hw_devices xc7a100t_0]
set_property FULL_PROBES.FILE {} [get_hw_devices xc7a100t_0]
set_property PROGRAM.FILE {C:/Users/SET253-08U.HCCMAIN/Documents/GitHub/ENES247_TRUC/lab4-PriorityEncoders_ROM/5ROMmultiply/ROM_multiply/ROM_multiply.runs/impl_1/rom_multiplier.bit} [get_hw_devices xc7a100t_0]
program_hw_devices [get_hw_devices xc7a100t_0]
INFO: [Labtools 27-3164] End of startup status: HIGH
refresh_hw_device [lindex [get_hw_devices xc7a100t_0] 0]
INFO: [Labtools 27-1434] Device xc7a100t (JTAG device index = 0) is programmed with a design that has no supported debug core(s) in it.
exit
INFO: [Common 17-206] Exiting Vivado at Thu Mar  7 14:33:10 2019...
