#-----------------------------------------------------------
# Vivado v2018.3 (64-bit)
# SW Build 2405991 on Thu Dec  6 23:38:27 MST 2018
# IP Build 2404404 on Fri Dec  7 01:43:56 MST 2018
# Start of session at: Fri Feb 22 15:14:45 2019
# Process ID: 2592
# Current directory: C:/Users/SET253-14U.HCCMAIN/Documents/GitHub/ENES247_TRUC/lab1-mux/lab1_2_tb_mux2-1-2bitwide
# Command line: vivado.exe -gui_launcher_event rodinguilauncherevent6160 C:\Users\SET253-14U.HCCMAIN\Documents\GitHub\ENES247_TRUC\lab1-mux\lab1_2_tb_mux2-1-2bitwide\lab1_2_tb_mux2-1-2bitwide.xpr
# Log file: C:/Users/SET253-14U.HCCMAIN/Documents/GitHub/ENES247_TRUC/lab1-mux/lab1_2_tb_mux2-1-2bitwide/vivado.log
# Journal file: C:/Users/SET253-14U.HCCMAIN/Documents/GitHub/ENES247_TRUC/lab1-mux/lab1_2_tb_mux2-1-2bitwide\vivado.jou
#-----------------------------------------------------------
start_gui
open_project C:/Users/SET253-14U.HCCMAIN/Documents/GitHub/ENES247_TRUC/lab1-mux/lab1_2_tb_mux2-1-2bitwide/lab1_2_tb_mux2-1-2bitwide.xpr
INFO: [ProjectBase 1-489] The host OS only allows 260 characters in a normal path. The project is stored in a path with more than 80 characters. If you experience issues with IP, Block Designs, or files not being found, please consider moving the project to a location with a shorter path. Alternately consider using the OS subst command to map part of the path to a drive letter.
Current project path is 'C:/Users/SET253-14U.HCCMAIN/Documents/GitHub/ENES247_TRUC/lab1-mux/lab1_2_tb_mux2-1-2bitwide'
INFO: [Project 1-313] Project file moved from 'C:/Users/SET253-21U.HCCMAIN/Documents/GitHub/ENES247_TRUC/lab1-mux/lab1_2_tb_mux2-1-2bitwide' since last save.
Scanning sources...
Finished scanning sources
INFO: [IP_Flow 19-234] Refreshing IP repositories
INFO: [IP_Flow 19-1704] No user IP repositories specified
INFO: [IP_Flow 19-2313] Loaded Vivado IP repository 'C:/Xilinx/Vivado/2018.3/data/ip'.
open_project: Time (s): cpu = 00:00:13 ; elapsed = 00:00:06 . Memory (MB): peak = 691.371 ; gain = 100.199
update_compile_order -fileset sources_1
synth_design -rtl -name rtl_1
Command: synth_design -rtl -name rtl_1
Starting synth_design
Using part: xc7a100tcsg324-1
Top: mux_2bit_2_to_1_dataflow
---------------------------------------------------------------------------------
Starting RTL Elaboration : Time (s): cpu = 00:00:03 ; elapsed = 00:00:02 . Memory (MB): peak = 809.738 ; gain = 17.629
---------------------------------------------------------------------------------
INFO: [Synth 8-6157] synthesizing module 'mux_2bit_2_to_1_dataflow' [C:/Users/SET253-14U.HCCMAIN/Documents/GitHub/ENES247_TRUC/lab1-mux/lab1_2_tb_mux2-1-2bitwide/mux_2bit_2_to_1_dataflow.v:6]
INFO: [Synth 8-6155] done synthesizing module 'mux_2bit_2_to_1_dataflow' (1#1) [C:/Users/SET253-14U.HCCMAIN/Documents/GitHub/ENES247_TRUC/lab1-mux/lab1_2_tb_mux2-1-2bitwide/mux_2bit_2_to_1_dataflow.v:6]
---------------------------------------------------------------------------------
Finished RTL Elaboration : Time (s): cpu = 00:00:04 ; elapsed = 00:00:03 . Memory (MB): peak = 851.219 ; gain = 59.109
---------------------------------------------------------------------------------

Report Check Netlist: 
+------+------------------+-------+---------+-------+------------------+
|      |Item              |Errors |Warnings |Status |Description       |
+------+------------------+-------+---------+-------+------------------+
|1     |multi_driven_nets |      0|        0|Passed |Multi driven nets |
+------+------------------+-------+---------+-------+------------------+
---------------------------------------------------------------------------------
Start Handling Custom Attributes
---------------------------------------------------------------------------------
---------------------------------------------------------------------------------
Finished Handling Custom Attributes : Time (s): cpu = 00:00:04 ; elapsed = 00:00:03 . Memory (MB): peak = 851.219 ; gain = 59.109
---------------------------------------------------------------------------------
---------------------------------------------------------------------------------
Finished RTL Optimization Phase 1 : Time (s): cpu = 00:00:04 ; elapsed = 00:00:03 . Memory (MB): peak = 851.219 ; gain = 59.109
---------------------------------------------------------------------------------
INFO: [Device 21-403] Loading part xc7a100tcsg324-1
INFO: [Project 1-570] Preparing netlist for logic optimization

Processing XDC Constraints
Initializing timing engine
Parsing XDC File [C:/Users/SET253-14U.HCCMAIN/Documents/GitHub/ENES247_TRUC/lab1-mux/lab1_2_tb_mux2-1-2bitwide/Nexys4DDR_Master.xdc]
Finished Parsing XDC File [C:/Users/SET253-14U.HCCMAIN/Documents/GitHub/ENES247_TRUC/lab1-mux/lab1_2_tb_mux2-1-2bitwide/Nexys4DDR_Master.xdc]
Completed Processing XDC Constraints

INFO: [Opt 31-138] Pushed 0 inverter(s) to 0 load pin(s).
Netlist sorting complete. Time (s): cpu = 00:00:00 ; elapsed = 00:00:00 . Memory (MB): peak = 1131.910 ; gain = 0.000
INFO: [Project 1-111] Unisim Transformation Summary:
No Unisim elements were transformed.

RTL Elaboration Complete:  : Time (s): cpu = 00:00:17 ; elapsed = 00:00:13 . Memory (MB): peak = 1212.184 ; gain = 420.074
6 Infos, 0 Warnings, 0 Critical Warnings and 0 Errors encountered.
synth_design completed successfully
synth_design: Time (s): cpu = 00:00:18 ; elapsed = 00:00:13 . Memory (MB): peak = 1214.332 ; gain = 422.223
reset_run synth_1
launch_runs synth_1 -jobs 2
[Fri Feb 22 15:17:40 2019] Launched synth_1...
Run output will be captured here: C:/Users/SET253-14U.HCCMAIN/Documents/GitHub/ENES247_TRUC/lab1-mux/lab1_2_tb_mux2-1-2bitwide/lab1_2_tb_mux2-1-2bitwide.runs/synth_1/runme.log
launch_runs impl_1 -jobs 2
[Fri Feb 22 15:19:11 2019] Launched impl_1...
Run output will be captured here: C:/Users/SET253-14U.HCCMAIN/Documents/GitHub/ENES247_TRUC/lab1-mux/lab1_2_tb_mux2-1-2bitwide/lab1_2_tb_mux2-1-2bitwide.runs/impl_1/runme.log
