#-----------------------------------------------------------
# Vivado v2018.2 (64-bit)
# SW Build 2258646 on Thu Jun 14 20:03:12 MDT 2018
# IP Build 2256618 on Thu Jun 14 22:10:49 MDT 2018
# Start of session at: Thu Feb  7 01:31:17 2019
# Process ID: 18576
# Current directory: C:/Users/Gau Bin/Documents/GitHub/ENES247_TRUC/lab1-mux/lab1_2_tb_mux2-1-2bitwide
# Command line: vivado.exe -gui_launcher_event rodinguilauncherevent19668 C:\Users\Gau Bin\Documents\GitHub\ENES247_TRUC\lab1-mux\lab1_2_tb_mux2-1-2bitwide\lab1_2_tb_mux2-1-2bitwide.xpr
# Log file: C:/Users/Gau Bin/Documents/GitHub/ENES247_TRUC/lab1-mux/lab1_2_tb_mux2-1-2bitwide/vivado.log
# Journal file: C:/Users/Gau Bin/Documents/GitHub/ENES247_TRUC/lab1-mux/lab1_2_tb_mux2-1-2bitwide\vivado.jou
#-----------------------------------------------------------
start_gui
open_project {C:/Users/Gau Bin/Documents/GitHub/ENES247_TRUC/lab1-mux/lab1_2_tb_mux2-1-2bitwide/lab1_2_tb_mux2-1-2bitwide.xpr}
INFO: [ProjectBase 1-489] The host OS only allows 260 characters in a normal path. The project is stored in a path with more than 80 characters. If you experience issues with IP, Block Designs, or files not being found, please consider moving the project to a location with a shorter path. Alternately consider using the OS subst command to map part of the path to a drive letter.
Current project path is 'C:/Users/Gau Bin/Documents/GitHub/ENES247_TRUC/lab1-mux/lab1_2_tb_mux2-1-2bitwide'
INFO: [Project 1-313] Project file moved from 'C:/Users/SET165-02U/Documents/GitHub/ENES247_TRUC/lab1-mux/lab1_2_tb_mux2-1-2bitwide' since last save.
Scanning sources...
Finished scanning sources
CRITICAL WARNING: [Board 49-67] The board_part definition was not found for digilentinc.com:nexys4_ddr:part0:1.1. This can happen sometimes when you use custom board part. You can resolve this issue by setting 'board.repoPaths' parameter, pointing to the location of custom board files. Valid board_part values can be retrieved with the 'get_board_parts' Tcl command.
WARNING: [Project 1-231] Project 'lab1_2_tb_mux2-1-2bitwide.xpr' was created with a future version and may or may not perform reliably with this version of Vivado. It has been opened in read-only mode for the protection of unrecognized data. Use 'File | Save Project As...' if you wish to alter a copy of the project.
INFO: [IP_Flow 19-234] Refreshing IP repositories
INFO: [IP_Flow 19-1704] No user IP repositories specified
INFO: [IP_Flow 19-2313] Loaded Vivado IP repository 'C:/Xilinx/Vivado/2018.2/data/ip'.
open_project: Time (s): cpu = 00:00:10 ; elapsed = 00:00:06 . Memory (MB): peak = 779.504 ; gain = 57.215
update_compile_order -fileset sources_1
exit
INFO: [Common 17-206] Exiting Vivado at Thu Feb  7 01:32:07 2019...
