#-----------------------------------------------------------
# Vivado v2018.3 (64-bit)
# SW Build 2405991 on Thu Dec  6 23:38:27 MST 2018
# IP Build 2404404 on Fri Dec  7 01:43:56 MST 2018
# Start of session at: Thu Feb 14 16:35:22 2019
# Process ID: 596
# Current directory: C:/Users/SET253-09U.HCCMAIN/Documents/GitHub/ENES247_TRUC/lab3-ReusableBCDhex7segDisplayCode/2_32bitBCDto16LEDs/32bitBCDto16LEDs
# Command line: vivado.exe -gui_launcher_event rodinguilauncherevent11828 C:\Users\SET253-09U.HCCMAIN\Documents\GitHub\ENES247_TRUC\lab3-ReusableBCDhex7segDisplayCode\2_32bitBCDto16LEDs\32bitBCDto16LEDs\32bitBCDto16LEDs.xpr
# Log file: C:/Users/SET253-09U.HCCMAIN/Documents/GitHub/ENES247_TRUC/lab3-ReusableBCDhex7segDisplayCode/2_32bitBCDto16LEDs/32bitBCDto16LEDs/vivado.log
# Journal file: C:/Users/SET253-09U.HCCMAIN/Documents/GitHub/ENES247_TRUC/lab3-ReusableBCDhex7segDisplayCode/2_32bitBCDto16LEDs/32bitBCDto16LEDs\vivado.jou
#-----------------------------------------------------------
start_gui
open_project C:/Users/SET253-09U.HCCMAIN/Documents/GitHub/ENES247_TRUC/lab3-ReusableBCDhex7segDisplayCode/2_32bitBCDto16LEDs/32bitBCDto16LEDs/32bitBCDto16LEDs.xpr
INFO: [ProjectBase 1-489] The host OS only allows 260 characters in a normal path. The project is stored in a path with more than 80 characters. If you experience issues with IP, Block Designs, or files not being found, please consider moving the project to a location with a shorter path. Alternately consider using the OS subst command to map part of the path to a drive letter.
Current project path is 'C:/Users/SET253-09U.HCCMAIN/Documents/GitHub/ENES247_TRUC/lab3-ReusableBCDhex7segDisplayCode/2_32bitBCDto16LEDs/32bitBCDto16LEDs'
CRITICAL WARNING: [Project 1-19] Could not find the file 'C:/Users/SET253-09U.HCCMAIN/Documents/GitHub/ENES247_TRUC/lab3-ReusableBCDhex7segDisplayCode/2_32bitBCDto16LEDs/32butBCDto16LEDs.v'.
Scanning sources...
Finished scanning sources
INFO: [IP_Flow 19-234] Refreshing IP repositories
INFO: [IP_Flow 19-1704] No user IP repositories specified
INFO: [IP_Flow 19-2313] Loaded Vivado IP repository 'C:/Xilinx/Vivado/2018.3/data/ip'.
open_project: Time (s): cpu = 00:00:11 ; elapsed = 00:00:06 . Memory (MB): peak = 725.254 ; gain = 137.980
update_compile_order -fileset sources_1
update_files -from_files C:/Users/SET253-09U.HCCMAIN/Documents/GitHub/ENES247_TRUC/lab3-ReusableBCDhex7segDisplayCode/2_32bitBCDto16LEDs/32bitBCDto16LEDs.v -to_files C:/Users/SET253-09U.HCCMAIN/Documents/GitHub/ENES247_TRUC/lab3-ReusableBCDhex7segDisplayCode/2_32bitBCDto16LEDs/32butBCDto16LEDs.v -filesets [get_filesets *]
INFO: [filemgmt 20-762] Replacing file 'C:/Users/SET253-09U.HCCMAIN/Documents/GitHub/ENES247_TRUC/lab3-ReusableBCDhex7segDisplayCode/2_32bitBCDto16LEDs/32butBCDto16LEDs.v' with file 'C:/Users/SET253-09U.HCCMAIN/Documents/GitHub/ENES247_TRUC/lab3-ReusableBCDhex7segDisplayCode/2_32bitBCDto16LEDs/32bitBCDto16LEDs.v'.
update_compile_order -fileset sources_1
exit
INFO: [Common 17-206] Exiting Vivado at Thu Feb 14 17:33:40 2019...
