#-----------------------------------------------------------
# Vivado v2018.3 (64-bit)
# SW Build 2405991 on Thu Dec  6 23:38:27 MST 2018
# IP Build 2404404 on Fri Dec  7 01:43:56 MST 2018
# Start of session at: Tue May 21 09:51:52 2019
# Process ID: 10752
# Current directory: C:/Users/SET165-07U/Documents/GitHub/ENES247_TRUC/lab10-FSM-Moore-Mealy/lab10_2_1/lab2
# Command line: vivado.exe -gui_launcher_event rodinguilauncherevent1476 C:\Users\SET165-07U\Documents\GitHub\ENES247_TRUC\lab10-FSM-Moore-Mealy\lab10_2_1\lab2\lab2.xpr
# Log file: C:/Users/SET165-07U/Documents/GitHub/ENES247_TRUC/lab10-FSM-Moore-Mealy/lab10_2_1/lab2/vivado.log
# Journal file: C:/Users/SET165-07U/Documents/GitHub/ENES247_TRUC/lab10-FSM-Moore-Mealy/lab10_2_1/lab2\vivado.jou
#-----------------------------------------------------------
start_gui
open_project C:/Users/SET165-07U/Documents/GitHub/ENES247_TRUC/lab10-FSM-Moore-Mealy/lab10_2_1/lab2/lab2.xpr
INFO: [ProjectBase 1-489] The host OS only allows 260 characters in a normal path. The project is stored in a path with more than 80 characters. If you experience issues with IP, Block Designs, or files not being found, please consider moving the project to a location with a shorter path. Alternately consider using the OS subst command to map part of the path to a drive letter.
Current project path is 'C:/Users/SET165-07U/Documents/GitHub/ENES247_TRUC/lab10-FSM-Moore-Mealy/lab10_2_1/lab2'
INFO: [Project 1-313] Project file moved from 'C:/Users/Gau Bin/Documents/GitHub/ENES247_TRUC/lab10-FSM-Moore-Mealy/lab10_2_1/lab2' since last save.
Scanning sources...
Finished scanning sources
WARNING: [filemgmt 56-2] IPUserFilesDir: Could not find the directory 'C:/Users/SET165-07U/Documents/GitHub/ENES247_TRUC/lab10-FSM-Moore-Mealy/lab10_2_1/lab2/lab2.ip_user_files', nor could it be found using path 'C:/Users/Gau Bin/Documents/GitHub/ENES247_TRUC/lab10-FSM-Moore-Mealy/lab10_2_1/lab2/lab2.ip_user_files'.
INFO: [IP_Flow 19-234] Refreshing IP repositories
INFO: [IP_Flow 19-1704] No user IP repositories specified
INFO: [IP_Flow 19-2313] Loaded Vivado IP repository 'C:/Xilinx/Vivado/2018.3/data/ip'.
open_project: Time (s): cpu = 00:00:13 ; elapsed = 00:00:06 . Memory (MB): peak = 735.316 ; gain = 119.578
update_compile_order -fileset sources_1
reset_run synth_1
launch_runs impl_1 -to_step write_bitstream -jobs 4
[Tue May 21 09:56:47 2019] Launched synth_1...
Run output will be captured here: C:/Users/SET165-07U/Documents/GitHub/ENES247_TRUC/lab10-FSM-Moore-Mealy/lab10_2_1/lab2/lab2.runs/synth_1/runme.log
[Tue May 21 09:56:47 2019] Launched impl_1...
Run output will be captured here: C:/Users/SET165-07U/Documents/GitHub/ENES247_TRUC/lab10-FSM-Moore-Mealy/lab10_2_1/lab2/lab2.runs/impl_1/runme.log
open_run impl_1
INFO: [Project 1-479] Netlist was created with Vivado 2018.3
INFO: [Device 21-403] Loading part xc7a100tcsg324-1
INFO: [Project 1-570] Preparing netlist for logic optimization
INFO: [Timing 38-478] Restoring timing data from binary archive.
INFO: [Timing 38-479] Binary timing data restore complete.
INFO: [Project 1-856] Restoring constraints from binary archive.
INFO: [Project 1-853] Binary constraint restore complete.
Reading XDEF placement.
Reading placer database...
Reading XDEF routing.
Read XDEF File: Time (s): cpu = 00:00:00 ; elapsed = 00:00:00.041 . Memory (MB): peak = 1564.520 ; gain = 0.000
Restored from archive | CPU: 0.000000 secs | Memory: 0.000000 MB |
Finished XDEF File Restore: Time (s): cpu = 00:00:00 ; elapsed = 00:00:00.041 . Memory (MB): peak = 1564.520 ; gain = 0.000
Netlist sorting complete. Time (s): cpu = 00:00:00 ; elapsed = 00:00:00 . Memory (MB): peak = 1564.520 ; gain = 0.000
INFO: [Project 1-111] Unisim Transformation Summary:
No Unisim elements were transformed.

open_run: Time (s): cpu = 00:00:24 ; elapsed = 00:00:22 . Memory (MB): peak = 1672.730 ; gain = 912.594
WARNING: [Timing 38-313] There are no user specified timing constraints. Timing constraints are needed for proper timing analysis.
launch_simulation
INFO: [Vivado 12-5682] Launching behavioral simulation in 'C:/Users/SET165-07U/Documents/GitHub/ENES247_TRUC/lab10-FSM-Moore-Mealy/lab10_2_1/lab2/lab2.sim/sim_1/behav/xsim'
INFO: [SIM-utils-51] Simulation object is 'sim_1'
INFO: [SIM-utils-54] Inspecting design source files for 'moore_sequence_detector_3processes_tb' in fileset 'sim_1'...
INFO: [USF-XSim-97] Finding global include files...
INFO: [USF-XSim-98] Fetching design files from 'sim_1'...
INFO: [USF-XSim-2] XSim::Compile design
INFO: [USF-XSim-61] Executing 'COMPILE and ANALYZE' step in 'C:/Users/SET165-07U/Documents/GitHub/ENES247_TRUC/lab10-FSM-Moore-Mealy/lab10_2_1/lab2/lab2.sim/sim_1/behav/xsim'
"xvlog --incr --relax -prj moore_sequence_detector_3processes_tb_vlog.prj"
INFO: [VRFC 10-2263] Analyzing Verilog file "C:/Users/SET165-07U/Documents/GitHub/ENES247_TRUC/lab10-FSM-Moore-Mealy/lab10_2_1/moore_sequence_detector_3processes.v" into library xil_defaultlib
INFO: [VRFC 10-311] analyzing module moore_sequence_detector_3processes
INFO: [VRFC 10-2263] Analyzing Verilog file "C:/Users/SET165-07U/Documents/GitHub/ENES247_TRUC/lab10-FSM-Moore-Mealy/lab10_2_1/moore_sequence_detector_3processes_tb.v" into library xil_defaultlib
INFO: [VRFC 10-311] analyzing module moore_sequence_detector_3processes_tb
INFO: [VRFC 10-2263] Analyzing Verilog file "C:/Users/SET165-07U/Documents/GitHub/ENES247_TRUC/lab10-FSM-Moore-Mealy/lab10_2_1/lab2/lab2.sim/sim_1/behav/xsim/glbl.v" into library xil_defaultlib
INFO: [VRFC 10-311] analyzing module glbl
INFO: [USF-XSim-69] 'compile' step finished in '1' seconds
INFO: [USF-XSim-3] XSim::Elaborate design
INFO: [USF-XSim-61] Executing 'ELABORATE' step in 'C:/Users/SET165-07U/Documents/GitHub/ENES247_TRUC/lab10-FSM-Moore-Mealy/lab10_2_1/lab2/lab2.sim/sim_1/behav/xsim'
Vivado Simulator 2018.3
Copyright 1986-1999, 2001-2018 Xilinx, Inc. All Rights Reserved.
Running: C:/Xilinx/Vivado/2018.3/bin/unwrapped/win64.o/xelab.exe -wto 1bd85478d455436aa6ad3f77ea1c3fcd --incr --debug typical --relax --mt 2 -L xil_defaultlib -L unisims_ver -L unimacro_ver -L secureip --snapshot moore_sequence_detector_3processes_tb_behav xil_defaultlib.moore_sequence_detector_3processes_tb xil_defaultlib.glbl -log elaborate.log 
Using 2 slave threads.
Starting static elaboration
Completed static elaboration
Starting simulation data flow analysis
Completed simulation data flow analysis
Time Resolution for simulation is 1ps
Compiling module xil_defaultlib.moore_sequence_detector_3process...
Compiling module xil_defaultlib.moore_sequence_detector_3process...
Compiling module xil_defaultlib.glbl
Built simulation snapshot moore_sequence_detector_3processes_tb_behav

****** Webtalk v2018.3 (64-bit)
  **** SW Build 2405991 on Thu Dec  6 23:38:27 MST 2018
  **** IP Build 2404404 on Fri Dec  7 01:43:56 MST 2018
    ** Copyright 1986-2018 Xilinx, Inc. All Rights Reserved.

source C:/Users/SET165-07U/Documents/GitHub/ENES247_TRUC/lab10-FSM-Moore-Mealy/lab10_2_1/lab2/lab2.sim/sim_1/behav/xsim/xsim.dir/moore_sequence_detector_3processes_tb_behav/webtalk/xsim_webtalk.tcl -notrace
INFO: [Common 17-186] 'C:/Users/SET165-07U/Documents/GitHub/ENES247_TRUC/lab10-FSM-Moore-Mealy/lab10_2_1/lab2/lab2.sim/sim_1/behav/xsim/xsim.dir/moore_sequence_detector_3processes_tb_behav/webtalk/usage_statistics_ext_xsim.xml' has been successfully sent to Xilinx on Tue May 21 10:15:11 2019. For additional details about this file, please refer to the WebTalk help file at C:/Xilinx/Vivado/2018.3/doc/webtalk_introduction.html.
INFO: [Common 17-206] Exiting Webtalk at Tue May 21 10:15:11 2019...
run_program: Time (s): cpu = 00:00:00 ; elapsed = 00:00:06 . Memory (MB): peak = 1698.227 ; gain = 0.000
INFO: [USF-XSim-69] 'elaborate' step finished in '6' seconds
INFO: [USF-XSim-4] XSim::Simulate design
INFO: [USF-XSim-61] Executing 'SIMULATE' step in 'C:/Users/SET165-07U/Documents/GitHub/ENES247_TRUC/lab10-FSM-Moore-Mealy/lab10_2_1/lab2/lab2.sim/sim_1/behav/xsim'
INFO: [USF-XSim-98] *** Running xsim
   with args "moore_sequence_detector_3processes_tb_behav -key {Behavioral:sim_1:Functional:moore_sequence_detector_3processes_tb} -tclbatch {moore_sequence_detector_3processes_tb.tcl} -log {simulate.log}"
INFO: [USF-XSim-8] Loading simulator feature
Vivado Simulator 2018.3
Time resolution is 1 ps
source moore_sequence_detector_3processes_tb.tcl
# set curr_wave [current_wave_config]
# if { [string length $curr_wave] == 0 } {
#   if { [llength [get_objects]] > 0} {
#     add_wave /
#     set_property needs_save false [current_wave_config]
#   } else {
#      send_msg_id Add_Wave-1 WARNING "No top level signals found. Simulator will start without a wave window. If you want to open a wave window go to 'File->New Waveform Configuration' or type 'create_wave_config' in the TCL console."
#   }
# }
# run 1000ns
INFO: [USF-XSim-96] XSim completed. Design snapshot 'moore_sequence_detector_3processes_tb_behav' loaded.
INFO: [USF-XSim-97] XSim simulation ran for 1000ns
launch_simulation: Time (s): cpu = 00:00:08 ; elapsed = 00:00:12 . Memory (MB): peak = 1710.777 ; gain = 12.551
close_sim
INFO: [Simtcl 6-16] Simulation closed
close_sim: Time (s): cpu = 00:00:03 ; elapsed = 00:00:06 . Memory (MB): peak = 1715.117 ; gain = 0.000
close_design
synth_design -rtl -name rtl_1
Command: synth_design -rtl -name rtl_1
Starting synth_design
Using part: xc7a100tcsg324-1
Top: moore_sequence_detector_3processes
---------------------------------------------------------------------------------
Starting RTL Elaboration : Time (s): cpu = 00:00:02 ; elapsed = 00:00:02 . Memory (MB): peak = 1715.117 ; gain = 0.000
---------------------------------------------------------------------------------
INFO: [Synth 8-6157] synthesizing module 'moore_sequence_detector_3processes' [C:/Users/SET165-07U/Documents/GitHub/ENES247_TRUC/lab10-FSM-Moore-Mealy/lab10_2_1/moore_sequence_detector_3processes.v:6]
	Parameter S0 bound to: 2'b00 
	Parameter S1 bound to: 2'b01 
	Parameter S2 bound to: 2'b10 
	Parameter S3 bound to: 2'b11 
INFO: [Synth 8-226] default block is never used [C:/Users/SET165-07U/Documents/GitHub/ENES247_TRUC/lab10-FSM-Moore-Mealy/lab10_2_1/moore_sequence_detector_3processes.v:25]
INFO: [Synth 8-226] default block is never used [C:/Users/SET165-07U/Documents/GitHub/ENES247_TRUC/lab10-FSM-Moore-Mealy/lab10_2_1/moore_sequence_detector_3processes.v:57]
INFO: [Synth 8-6155] done synthesizing module 'moore_sequence_detector_3processes' (1#1) [C:/Users/SET165-07U/Documents/GitHub/ENES247_TRUC/lab10-FSM-Moore-Mealy/lab10_2_1/moore_sequence_detector_3processes.v:6]
---------------------------------------------------------------------------------
Finished RTL Elaboration : Time (s): cpu = 00:00:02 ; elapsed = 00:00:03 . Memory (MB): peak = 1715.117 ; gain = 0.000
---------------------------------------------------------------------------------

Report Check Netlist: 
+------+------------------+-------+---------+-------+------------------+
|      |Item              |Errors |Warnings |Status |Description       |
+------+------------------+-------+---------+-------+------------------+
|1     |multi_driven_nets |      0|        0|Passed |Multi driven nets |
+------+------------------+-------+---------+-------+------------------+
---------------------------------------------------------------------------------
Start Handling Custom Attributes
---------------------------------------------------------------------------------
---------------------------------------------------------------------------------
Finished Handling Custom Attributes : Time (s): cpu = 00:00:03 ; elapsed = 00:00:03 . Memory (MB): peak = 1715.117 ; gain = 0.000
---------------------------------------------------------------------------------
---------------------------------------------------------------------------------
Finished RTL Optimization Phase 1 : Time (s): cpu = 00:00:03 ; elapsed = 00:00:03 . Memory (MB): peak = 1715.117 ; gain = 0.000
---------------------------------------------------------------------------------
INFO: [Project 1-570] Preparing netlist for logic optimization

Processing XDC Constraints
Initializing timing engine
Parsing XDC File [C:/Users/SET165-07U/Documents/GitHub/ENES247_TRUC/lab10-FSM-Moore-Mealy/lab10_2_1/Nexys4DDR_Master.xdc]
Finished Parsing XDC File [C:/Users/SET165-07U/Documents/GitHub/ENES247_TRUC/lab10-FSM-Moore-Mealy/lab10_2_1/Nexys4DDR_Master.xdc]
Completed Processing XDC Constraints

INFO: [Opt 31-138] Pushed 0 inverter(s) to 0 load pin(s).
Netlist sorting complete. Time (s): cpu = 00:00:00 ; elapsed = 00:00:00 . Memory (MB): peak = 1715.117 ; gain = 0.000
INFO: [Project 1-111] Unisim Transformation Summary:
No Unisim elements were transformed.

RTL Elaboration Complete:  : Time (s): cpu = 00:00:08 ; elapsed = 00:00:06 . Memory (MB): peak = 1739.738 ; gain = 24.621
7 Infos, 0 Warnings, 0 Critical Warnings and 0 Errors encountered.
synth_design completed successfully
synth_design: Time (s): cpu = 00:00:08 ; elapsed = 00:00:06 . Memory (MB): peak = 1739.738 ; gain = 24.621
exit
INFO: [Common 17-206] Exiting Vivado at Tue May 21 10:39:47 2019...
