#-----------------------------------------------------------
# Vivado v2018.3 (64-bit)
# SW Build 2405991 on Thu Dec  6 23:38:27 MST 2018
# IP Build 2404404 on Fri Dec  7 01:43:56 MST 2018
# Start of session at: Thu Feb 21 15:29:22 2019
# Process ID: 2564
# Current directory: C:/Users/SET253-15U.HCCMAIN/Documents/GitHub/ENES247_TRUC/lab4-PriorityEncoders_ROM/1Lut_Mux
# Command line: vivado.exe -gui_launcher_event rodinguilauncherevent3656 C:\Users\SET253-15U.HCCMAIN\Documents\GitHub\ENES247_TRUC\lab4-PriorityEncoders_ROM\1Lut_Mux\Lut_Mux.xpr
# Log file: C:/Users/SET253-15U.HCCMAIN/Documents/GitHub/ENES247_TRUC/lab4-PriorityEncoders_ROM/1Lut_Mux/vivado.log
# Journal file: C:/Users/SET253-15U.HCCMAIN/Documents/GitHub/ENES247_TRUC/lab4-PriorityEncoders_ROM/1Lut_Mux\vivado.jou
#-----------------------------------------------------------
start_gui
open_project C:/Users/SET253-15U.HCCMAIN/Documents/GitHub/ENES247_TRUC/lab4-PriorityEncoders_ROM/1Lut_Mux/Lut_Mux.xpr
INFO: [ProjectBase 1-489] The host OS only allows 260 characters in a normal path. The project is stored in a path with more than 80 characters. If you experience issues with IP, Block Designs, or files not being found, please consider moving the project to a location with a shorter path. Alternately consider using the OS subst command to map part of the path to a drive letter.
Current project path is 'C:/Users/SET253-15U.HCCMAIN/Documents/GitHub/ENES247_TRUC/lab4-PriorityEncoders_ROM/1Lut_Mux'
INFO: [Project 1-313] Project file moved from 'C:/Users/FoersterGame/Documents/GitHub/ENES246/-5MuxOfMux/Lut_Mux' since last save.
Scanning sources...
Finished scanning sources
WARNING: [filemgmt 56-2] IPUserFilesDir: Could not find the directory 'C:/Users/SET253-15U.HCCMAIN/Documents/GitHub/ENES247_TRUC/lab4-PriorityEncoders_ROM/1Lut_Mux/Lut_Mux.ip_user_files', nor could it be found using path 'C:/Users/FoersterGame/Documents/GitHub/ENES246/-5MuxOfMux/Lut_Mux/Lut_Mux.ip_user_files'.
INFO: [IP_Flow 19-234] Refreshing IP repositories
INFO: [IP_Flow 19-1704] No user IP repositories specified
INFO: [IP_Flow 19-2313] Loaded Vivado IP repository 'C:/Xilinx/Vivado/2018.3/data/ip'.
open_project: Time (s): cpu = 00:00:11 ; elapsed = 00:00:06 . Memory (MB): peak = 732.020 ; gain = 134.785
update_compile_order -fileset sources_1
synth_design -rtl -name rtl_1
Command: synth_design -rtl -name rtl_1
Starting synth_design
Using part: xc7a100tcsg324-1
Top: LUT6_MUXCY_test
---------------------------------------------------------------------------------
Starting RTL Elaboration : Time (s): cpu = 00:00:02 ; elapsed = 00:00:02 . Memory (MB): peak = 805.844 ; gain = 63.766
---------------------------------------------------------------------------------
INFO: [Synth 8-6157] synthesizing module 'LUT6_MUXCY_test' [C:/Users/SET253-15U.HCCMAIN/Documents/GitHub/ENES247_TRUC/lab4-PriorityEncoders_ROM/1Lut_Mux/Lut_Mux.srcs/sources_1/imports/4Lut/Lut6_MUXCY.v:1]
INFO: [Synth 8-6157] synthesizing module 'LUT6' [C:/Xilinx/Vivado/2018.3/scripts/rt/data/unisim_comp.v:26626]
	Parameter INIT bound to: 64'b0000000000000000000000000000111100000000001100110101010111111111 
INFO: [Synth 8-6155] done synthesizing module 'LUT6' (1#1) [C:/Xilinx/Vivado/2018.3/scripts/rt/data/unisim_comp.v:26626]
INFO: [Synth 8-6157] synthesizing module 'MUXCY' [C:/Xilinx/Vivado/2018.3/scripts/rt/data/unisim_comp.v:27571]
INFO: [Synth 8-6155] done synthesizing module 'MUXCY' (2#1) [C:/Xilinx/Vivado/2018.3/scripts/rt/data/unisim_comp.v:27571]
INFO: [Synth 8-6155] done synthesizing module 'LUT6_MUXCY_test' (3#1) [C:/Users/SET253-15U.HCCMAIN/Documents/GitHub/ENES247_TRUC/lab4-PriorityEncoders_ROM/1Lut_Mux/Lut_Mux.srcs/sources_1/imports/4Lut/Lut6_MUXCY.v:1]
---------------------------------------------------------------------------------
Finished RTL Elaboration : Time (s): cpu = 00:00:03 ; elapsed = 00:00:03 . Memory (MB): peak = 848.270 ; gain = 106.191
---------------------------------------------------------------------------------

Report Check Netlist: 
+------+------------------+-------+---------+-------+------------------+
|      |Item              |Errors |Warnings |Status |Description       |
+------+------------------+-------+---------+-------+------------------+
|1     |multi_driven_nets |      0|        0|Passed |Multi driven nets |
+------+------------------+-------+---------+-------+------------------+
---------------------------------------------------------------------------------
Start Handling Custom Attributes
---------------------------------------------------------------------------------
---------------------------------------------------------------------------------
Finished Handling Custom Attributes : Time (s): cpu = 00:00:03 ; elapsed = 00:00:03 . Memory (MB): peak = 848.270 ; gain = 106.191
---------------------------------------------------------------------------------
---------------------------------------------------------------------------------
Finished RTL Optimization Phase 1 : Time (s): cpu = 00:00:03 ; elapsed = 00:00:03 . Memory (MB): peak = 848.270 ; gain = 106.191
---------------------------------------------------------------------------------
INFO: [Netlist 29-17] Analyzing 1 Unisim elements for replacement
INFO: [Netlist 29-28] Unisim Transformation completed in 0 CPU seconds
INFO: [Device 21-403] Loading part xc7a100tcsg324-1
INFO: [Project 1-570] Preparing netlist for logic optimization
INFO: [Opt 31-140] Inserted 8 IBUFs to IO ports without IO buffers.
INFO: [Opt 31-141] Inserted 2 OBUFs to IO ports without IO buffers.

Processing XDC Constraints
Initializing timing engine
Parsing XDC File [C:/Users/SET253-15U.HCCMAIN/Documents/GitHub/ENES247_TRUC/lab4-PriorityEncoders_ROM/1Lut_Mux/Lut_Mux.srcs/constrs_1/imports/ENES246/Nexys4DDR_Master.xdc]
Finished Parsing XDC File [C:/Users/SET253-15U.HCCMAIN/Documents/GitHub/ENES247_TRUC/lab4-PriorityEncoders_ROM/1Lut_Mux/Lut_Mux.srcs/constrs_1/imports/ENES246/Nexys4DDR_Master.xdc]
Completed Processing XDC Constraints

INFO: [Opt 31-138] Pushed 0 inverter(s) to 0 load pin(s).
Netlist sorting complete. Time (s): cpu = 00:00:00 ; elapsed = 00:00:00 . Memory (MB): peak = 1120.211 ; gain = 0.000
INFO: [Project 1-111] Unisim Transformation Summary:
  A total of 1 instances were transformed.
  (MUXCY,XORCY) => CARRY4: 1 instances

RTL Elaboration Complete:  : Time (s): cpu = 00:00:17 ; elapsed = 00:00:13 . Memory (MB): peak = 1257.727 ; gain = 515.648
14 Infos, 0 Warnings, 0 Critical Warnings and 0 Errors encountered.
synth_design completed successfully
synth_design: Time (s): cpu = 00:00:17 ; elapsed = 00:00:13 . Memory (MB): peak = 1257.727 ; gain = 515.648
reset_run synth_1
launch_runs synth_1 -jobs 2
[Thu Feb 21 15:49:54 2019] Launched synth_1...
Run output will be captured here: C:/Users/SET253-15U.HCCMAIN/Documents/GitHub/ENES247_TRUC/lab4-PriorityEncoders_ROM/1Lut_Mux/Lut_Mux.runs/synth_1/runme.log
launch_runs impl_1 -jobs 2
[Thu Feb 21 15:50:30 2019] Launched impl_1...
Run output will be captured here: C:/Users/SET253-15U.HCCMAIN/Documents/GitHub/ENES247_TRUC/lab4-PriorityEncoders_ROM/1Lut_Mux/Lut_Mux.runs/impl_1/runme.log
close_design
open_run impl_1
INFO: [Netlist 29-17] Analyzing 1 Unisim elements for replacement
INFO: [Netlist 29-28] Unisim Transformation completed in 0 CPU seconds
INFO: [Project 1-479] Netlist was created with Vivado 2018.3
INFO: [Project 1-570] Preparing netlist for logic optimization
INFO: [Timing 38-478] Restoring timing data from binary archive.
INFO: [Timing 38-479] Binary timing data restore complete.
INFO: [Project 1-856] Restoring constraints from binary archive.
INFO: [Project 1-853] Binary constraint restore complete.
Reading XDEF placement.
Reading placer database...
Reading XDEF routing.
Read XDEF File: Time (s): cpu = 00:00:00 ; elapsed = 00:00:00.042 . Memory (MB): peak = 1700.395 ; gain = 0.000
Restored from archive | CPU: 0.000000 secs | Memory: 0.000000 MB |
Finished XDEF File Restore: Time (s): cpu = 00:00:00 ; elapsed = 00:00:00.043 . Memory (MB): peak = 1700.395 ; gain = 0.000
Netlist sorting complete. Time (s): cpu = 00:00:00 ; elapsed = 00:00:00 . Memory (MB): peak = 1700.395 ; gain = 0.000
INFO: [Project 1-111] Unisim Transformation Summary:
No Unisim elements were transformed.

open_run: Time (s): cpu = 00:00:15 ; elapsed = 00:00:13 . Memory (MB): peak = 1786.176 ; gain = 526.309
WARNING: [Timing 38-313] There are no user specified timing constraints. Timing constraints are needed for proper timing analysis.
launch_runs impl_1 -to_step write_bitstream -jobs 2
[Thu Feb 21 16:02:46 2019] Launched impl_1...
Run output will be captured here: C:/Users/SET253-15U.HCCMAIN/Documents/GitHub/ENES247_TRUC/lab4-PriorityEncoders_ROM/1Lut_Mux/Lut_Mux.runs/impl_1/runme.log
open_hw
connect_hw_server
INFO: [Labtools 27-2285] Connecting to hw_server url TCP:localhost:3121
INFO: [Labtools 27-2222] Launching hw_server...
INFO: [Labtools 27-2221] Launch Output:

****** Xilinx hw_server v2018.3
  **** Build date : Dec  7 2018-00:40:27
    ** Copyright 1986-2018 Xilinx, Inc. All Rights Reserved.


open_hw_target
INFO: [Labtoolstcl 44-466] Opening hw_target localhost:3121/xilinx_tcf/Digilent/210292A6EED3A
set_property PROGRAM.FILE {C:/Users/SET253-15U.HCCMAIN/Documents/GitHub/ENES247_TRUC/lab4-PriorityEncoders_ROM/1Lut_Mux/Lut_Mux.runs/impl_1/LUT6_MUXCY_test.bit} [get_hw_devices xc7a100t_0]
current_hw_device [get_hw_devices xc7a100t_0]
refresh_hw_device -update_hw_probes false [lindex [get_hw_devices xc7a100t_0] 0]
INFO: [Labtools 27-1434] Device xc7a100t (JTAG device index = 0) is programmed with a design that has no supported debug core(s) in it.
set_property PROBES.FILE {} [get_hw_devices xc7a100t_0]
set_property FULL_PROBES.FILE {} [get_hw_devices xc7a100t_0]
set_property PROGRAM.FILE {C:/Users/SET253-15U.HCCMAIN/Documents/GitHub/ENES247_TRUC/lab4-PriorityEncoders_ROM/1Lut_Mux/Lut_Mux.runs/impl_1/LUT6_MUXCY_test.bit} [get_hw_devices xc7a100t_0]
program_hw_devices [get_hw_devices xc7a100t_0]
INFO: [Labtools 27-3164] End of startup status: HIGH
refresh_hw_device [lindex [get_hw_devices xc7a100t_0] 0]
INFO: [Labtools 27-1434] Device xc7a100t (JTAG device index = 0) is programmed with a design that has no supported debug core(s) in it.
close_hw
exit
INFO: [Common 17-206] Exiting Vivado at Thu Feb 21 17:15:38 2019...
