#-----------------------------------------------------------
# Vivado v2018.3 (64-bit)
# SW Build 2405991 on Thu Dec  6 23:38:27 MST 2018
# IP Build 2404404 on Fri Dec  7 01:43:56 MST 2018
# Start of session at: Thu Jan 31 16:10:09 2019
# Process ID: 12648
# Current directory: C:/Users/SET253-01U.HCCMAIN/Documents/GitHub/ENES247_TRUC/lab1-mux/lab1_1_mux2-1-1bitwide
# Command line: vivado.exe -gui_launcher_event rodinguilauncherevent13088 C:\Users\SET253-01U.HCCMAIN\Documents\GitHub\ENES247_TRUC\lab1-mux\lab1_1_mux2-1-1bitwide\lab1_1_mux2-1-1bitwide.xpr
# Log file: C:/Users/SET253-01U.HCCMAIN/Documents/GitHub/ENES247_TRUC/lab1-mux/lab1_1_mux2-1-1bitwide/vivado.log
# Journal file: C:/Users/SET253-01U.HCCMAIN/Documents/GitHub/ENES247_TRUC/lab1-mux/lab1_1_mux2-1-1bitwide\vivado.jou
#-----------------------------------------------------------
start_gui
open_project C:/Users/SET253-01U.HCCMAIN/Documents/GitHub/ENES247_TRUC/lab1-mux/lab1_1_mux2-1-1bitwide/lab1_1_mux2-1-1bitwide.xpr
INFO: [ProjectBase 1-489] The host OS only allows 260 characters in a normal path. The project is stored in a path with more than 80 characters. If you experience issues with IP, Block Designs, or files not being found, please consider moving the project to a location with a shorter path. Alternately consider using the OS subst command to map part of the path to a drive letter.
Current project path is 'C:/Users/SET253-01U.HCCMAIN/Documents/GitHub/ENES247_TRUC/lab1-mux/lab1_1_mux2-1-1bitwide'
Scanning sources...
Finished scanning sources
WARNING: [filemgmt 56-3] IPUserFilesDir: Could not find the directory 'C:/Users/SET253-01U.HCCMAIN/Documents/GitHub/ENES247_TRUC/lab1-mux/lab1_1_mux2-1-1bitwide/lab1_1_mux2-1-1bitwide.ip_user_files'.
INFO: [IP_Flow 19-234] Refreshing IP repositories
INFO: [IP_Flow 19-1704] No user IP repositories specified
INFO: [IP_Flow 19-2313] Loaded Vivado IP repository 'C:/Xilinx/Vivado/2018.3/data/ip'.
open_project: Time (s): cpu = 00:00:11 ; elapsed = 00:00:06 . Memory (MB): peak = 702.227 ; gain = 111.105
update_compile_order -fileset sources_1
open_run synth_1 -name synth_1
Design is defaulting to impl run constrset: constrs_1
Design is defaulting to synth run part: xc7a100tcsg324-1
INFO: [Project 1-479] Netlist was created with Vivado 2018.3
INFO: [Device 21-403] Loading part xc7a100tcsg324-1
INFO: [Project 1-570] Preparing netlist for logic optimization
Parsing XDC File [C:/Users/SET253-01U.HCCMAIN/Documents/GitHub/ENES247_TRUC/lab1-mux/lab1_1_mux2-1-1bitwide/lab1_1_mux2-1-1bitwide.srcs/constrs_1/imports/lab1_1_mux2-1-1bitwide/Nexys4DDR_Master.xdc]
Finished Parsing XDC File [C:/Users/SET253-01U.HCCMAIN/Documents/GitHub/ENES247_TRUC/lab1-mux/lab1_1_mux2-1-1bitwide/lab1_1_mux2-1-1bitwide.srcs/constrs_1/imports/lab1_1_mux2-1-1bitwide/Nexys4DDR_Master.xdc]
INFO: [Opt 31-138] Pushed 0 inverter(s) to 0 load pin(s).
Netlist sorting complete. Time (s): cpu = 00:00:00 ; elapsed = 00:00:00 . Memory (MB): peak = 1061.598 ; gain = 0.000
INFO: [Project 1-111] Unisim Transformation Summary:
No Unisim elements were transformed.

open_run: Time (s): cpu = 00:00:14 ; elapsed = 00:00:09 . Memory (MB): peak = 1107.621 ; gain = 319.598
reset_run synth_1
launch_runs synth_1 -jobs 2
[Thu Jan 31 16:12:01 2019] Launched synth_1...
Run output will be captured here: C:/Users/SET253-01U.HCCMAIN/Documents/GitHub/ENES247_TRUC/lab1-mux/lab1_1_mux2-1-1bitwide/lab1_1_mux2-1-1bitwide.runs/synth_1/runme.log
launch_runs impl_1 -jobs 2
WARNING: [Project 1-478] Design 'synth_1' is stale and will not be used when launching 'impl_1'
[Thu Jan 31 16:12:38 2019] Launched impl_1...
Run output will be captured here: C:/Users/SET253-01U.HCCMAIN/Documents/GitHub/ENES247_TRUC/lab1-mux/lab1_1_mux2-1-1bitwide/lab1_1_mux2-1-1bitwide.runs/impl_1/runme.log
close_design
open_run impl_1
INFO: [Project 1-479] Netlist was created with Vivado 2018.3
INFO: [Project 1-570] Preparing netlist for logic optimization
INFO: [Timing 38-478] Restoring timing data from binary archive.
INFO: [Timing 38-479] Binary timing data restore complete.
INFO: [Project 1-856] Restoring constraints from binary archive.
INFO: [Project 1-853] Binary constraint restore complete.
Reading XDEF placement.
Reading placer database...
Reading XDEF routing.
Read XDEF File: Time (s): cpu = 00:00:00 ; elapsed = 00:00:00.040 . Memory (MB): peak = 1634.391 ; gain = 0.000
Restored from archive | CPU: 0.000000 secs | Memory: 0.000000 MB |
Finished XDEF File Restore: Time (s): cpu = 00:00:00 ; elapsed = 00:00:00.041 . Memory (MB): peak = 1634.391 ; gain = 0.000
Netlist sorting complete. Time (s): cpu = 00:00:00 ; elapsed = 00:00:00 . Memory (MB): peak = 1634.391 ; gain = 0.000
INFO: [Project 1-111] Unisim Transformation Summary:
No Unisim elements were transformed.

WARNING: [Timing 38-313] There are no user specified timing constraints. Timing constraints are needed for proper timing analysis.
exit
INFO: [Common 17-206] Exiting Vivado at Thu Jan 31 16:24:39 2019...
