
*** Running vivado
    with args -log mult_4x4.vds -m64 -product Vivado -mode batch -messageDb vivado.pb -notrace -source mult_4x4.tcl


****** Vivado v2018.3 (64-bit)
  **** SW Build 2405991 on Thu Dec  6 23:38:27 MST 2018
  **** IP Build 2404404 on Fri Dec  7 01:43:56 MST 2018
    ** Copyright 1986-2018 Xilinx, Inc. All Rights Reserved.

source mult_4x4.tcl -notrace
Command: synth_design -top mult_4x4 -part xc7a100tcsg324-1
Starting synth_design
Attempting to get a license for feature 'Synthesis' and/or device 'xc7a100t'
INFO: [Common 17-349] Got license for feature 'Synthesis' and/or device 'xc7a100t'
INFO: Launching helper process for spawning children vivado processes
INFO: Helper process launched with PID 3416 
---------------------------------------------------------------------------------
Starting RTL Elaboration : Time (s): cpu = 00:00:02 ; elapsed = 00:00:02 . Memory (MB): peak = 406.656 ; gain = 99.543
---------------------------------------------------------------------------------
INFO: [Synth 8-6157] synthesizing module 'mult_4x4' [C:/Users/SET253-10U.HCCMAIN/Documents/GitHub/ENES247_TRUC/lab11-ASM/lab11_2_1/mult_4x4_Nexys4ddr.v:5]
	Parameter SIZE bound to: 4 - type: integer 
INFO: [Synth 8-6157] synthesizing module 'clk_5MHz' [C:/Users/SET253-10U.HCCMAIN/Documents/GitHub/ENES247_TRUC/lab11-ASM/lab11_2_1/lab11_2_1/lab11_2_1.runs/synth_1/.Xil/Vivado-12796-SET253-10C/realtime/clk_5MHz_stub.v:5]
INFO: [Synth 8-6155] done synthesizing module 'clk_5MHz' (1#1) [C:/Users/SET253-10U.HCCMAIN/Documents/GitHub/ENES247_TRUC/lab11-ASM/lab11_2_1/lab11_2_1/lab11_2_1.runs/synth_1/.Xil/Vivado-12796-SET253-10C/realtime/clk_5MHz_stub.v:5]
WARNING: [Synth 8-350] instance 'U1' of module 'clk_5MHz' requires 3 connections, but only 2 given [C:/Users/SET253-10U.HCCMAIN/Documents/GitHub/ENES247_TRUC/lab11-ASM/lab11_2_1/mult_4x4_Nexys4ddr.v:30]
INFO: [Synth 8-6157] synthesizing module 'mult_4x4_cu' [C:/Users/SET253-10U.HCCMAIN/Documents/GitHub/ENES247_TRUC/lab11-ASM/lab11_2_1/mult_4x4_cu.v:5]
	Parameter S0 bound to: 2'b00 
	Parameter S1 bound to: 2'b01 
	Parameter S2 bound to: 2'b10 
	Parameter S3 bound to: 2'b11 
INFO: [Synth 8-226] default block is never used [C:/Users/SET253-10U.HCCMAIN/Documents/GitHub/ENES247_TRUC/lab11-ASM/lab11_2_1/mult_4x4_cu.v:20]
INFO: [Synth 8-6155] done synthesizing module 'mult_4x4_cu' (2#1) [C:/Users/SET253-10U.HCCMAIN/Documents/GitHub/ENES247_TRUC/lab11-ASM/lab11_2_1/mult_4x4_cu.v:5]
INFO: [Synth 8-6157] synthesizing module 'mult_4x4_operands_ROM' [C:/Users/SET253-10U.HCCMAIN/Documents/GitHub/ENES247_TRUC/lab11-ASM/lab11_2_1/mult_4x4_operands_ROM.v:6]
INFO: [Synth 8-6155] done synthesizing module 'mult_4x4_operands_ROM' (3#1) [C:/Users/SET253-10U.HCCMAIN/Documents/GitHub/ENES247_TRUC/lab11-ASM/lab11_2_1/mult_4x4_operands_ROM.v:6]
INFO: [Synth 8-6157] synthesizing module 'binary8Bit_to_3digitBCD' [C:/Users/SET253-10U.HCCMAIN/Documents/GitHub/ENES247_TRUC/lab11-ASM/lab11_2_1/binary8Bit_to_3digitBCD.v:26]
INFO: [Synth 8-6157] synthesizing module 'add3' [C:/Users/SET253-10U.HCCMAIN/Documents/GitHub/ENES247_TRUC/lab11-ASM/lab11_2_1/binary8Bit_to_3digitBCD.v:6]
INFO: [Synth 8-6155] done synthesizing module 'add3' (4#1) [C:/Users/SET253-10U.HCCMAIN/Documents/GitHub/ENES247_TRUC/lab11-ASM/lab11_2_1/binary8Bit_to_3digitBCD.v:6]
INFO: [Synth 8-6155] done synthesizing module 'binary8Bit_to_3digitBCD' (5#1) [C:/Users/SET253-10U.HCCMAIN/Documents/GitHub/ENES247_TRUC/lab11-ASM/lab11_2_1/binary8Bit_to_3digitBCD.v:26]
INFO: [Synth 8-6157] synthesizing module 'clk_divider_about_500hz_refresh_rate_4display' [C:/Users/SET253-10U.HCCMAIN/Documents/GitHub/ENES247_TRUC/lab11-ASM/lab11_2_1/clk_divider_about_500hz_refresh_rate_4display.v:9]
INFO: [Synth 8-155] case statement is not full and has no default [C:/Users/SET253-10U.HCCMAIN/Documents/GitHub/ENES247_TRUC/lab11-ASM/lab11_2_1/clk_divider_about_500hz_refresh_rate_4display.v:25]
INFO: [Synth 8-6155] done synthesizing module 'clk_divider_about_500hz_refresh_rate_4display' (6#1) [C:/Users/SET253-10U.HCCMAIN/Documents/GitHub/ENES247_TRUC/lab11-ASM/lab11_2_1/clk_divider_about_500hz_refresh_rate_4display.v:9]
INFO: [Synth 8-6157] synthesizing module 'bcdto7segment_dataflow' [C:/Users/SET253-10U.HCCMAIN/Documents/GitHub/ENES247_TRUC/lab11-ASM/lab11_2_1/bcdto7segment_dataflow.v:6]
INFO: [Synth 8-6155] done synthesizing module 'bcdto7segment_dataflow' (7#1) [C:/Users/SET253-10U.HCCMAIN/Documents/GitHub/ENES247_TRUC/lab11-ASM/lab11_2_1/bcdto7segment_dataflow.v:6]
INFO: [Synth 8-6157] synthesizing module 'pb_debouncer' [C:/Users/SET253-10U.HCCMAIN/Documents/GitHub/ENES247_TRUC/lab11-ASM/lab11_2_1/pb_debouncer.v:6]
	Parameter S0 bound to: 3'b000 
	Parameter S1 bound to: 3'b001 
	Parameter S2 bound to: 3'b010 
	Parameter S3 bound to: 3'b011 
	Parameter S4 bound to: 3'b100 
INFO: [Synth 8-6155] done synthesizing module 'pb_debouncer' (8#1) [C:/Users/SET253-10U.HCCMAIN/Documents/GitHub/ENES247_TRUC/lab11-ASM/lab11_2_1/pb_debouncer.v:6]
INFO: [Synth 8-6155] done synthesizing module 'mult_4x4' (9#1) [C:/Users/SET253-10U.HCCMAIN/Documents/GitHub/ENES247_TRUC/lab11-ASM/lab11_2_1/mult_4x4_Nexys4ddr.v:5]
WARNING: [Synth 8-3917] design mult_4x4 has port an[7] driven by constant 1
WARNING: [Synth 8-3917] design mult_4x4 has port an[6] driven by constant 1
WARNING: [Synth 8-3917] design mult_4x4 has port an[5] driven by constant 1
WARNING: [Synth 8-3917] design mult_4x4 has port an[4] driven by constant 1
---------------------------------------------------------------------------------
Finished RTL Elaboration : Time (s): cpu = 00:00:03 ; elapsed = 00:00:03 . Memory (MB): peak = 462.398 ; gain = 155.285
---------------------------------------------------------------------------------

Report Check Netlist: 
+------+------------------+-------+---------+-------+------------------+
|      |Item              |Errors |Warnings |Status |Description       |
+------+------------------+-------+---------+-------+------------------+
|1     |multi_driven_nets |      0|        0|Passed |Multi driven nets |
+------+------------------+-------+---------+-------+------------------+
---------------------------------------------------------------------------------
Start Handling Custom Attributes
---------------------------------------------------------------------------------
---------------------------------------------------------------------------------
Finished Handling Custom Attributes : Time (s): cpu = 00:00:03 ; elapsed = 00:00:03 . Memory (MB): peak = 462.398 ; gain = 155.285
---------------------------------------------------------------------------------
---------------------------------------------------------------------------------
Finished RTL Optimization Phase 1 : Time (s): cpu = 00:00:03 ; elapsed = 00:00:03 . Memory (MB): peak = 462.398 ; gain = 155.285
---------------------------------------------------------------------------------
INFO: [Device 21-403] Loading part xc7a100tcsg324-1
INFO: [Project 1-570] Preparing netlist for logic optimization

Processing XDC Constraints
Initializing timing engine
Parsing XDC File [c:/Users/SET253-10U.HCCMAIN/Documents/GitHub/ENES247_TRUC/lab11-ASM/lab11_2_1/lab11_2_1/lab11_2_1.srcs/sources_1/ip/clk_5MHz/clk_5MHz/clk_5MHz_in_context.xdc] for cell 'U1'
Finished Parsing XDC File [c:/Users/SET253-10U.HCCMAIN/Documents/GitHub/ENES247_TRUC/lab11-ASM/lab11_2_1/lab11_2_1/lab11_2_1.srcs/sources_1/ip/clk_5MHz/clk_5MHz/clk_5MHz_in_context.xdc] for cell 'U1'
Parsing XDC File [C:/Users/SET253-10U.HCCMAIN/Documents/GitHub/ENES247_TRUC/lab11-ASM/lab11_2_1/Nexys4DDR_Master.xdc]
Finished Parsing XDC File [C:/Users/SET253-10U.HCCMAIN/Documents/GitHub/ENES247_TRUC/lab11-ASM/lab11_2_1/Nexys4DDR_Master.xdc]
INFO: [Project 1-236] Implementation specific constraints were found while reading constraint file [C:/Users/SET253-10U.HCCMAIN/Documents/GitHub/ENES247_TRUC/lab11-ASM/lab11_2_1/Nexys4DDR_Master.xdc]. These constraints will be ignored for synthesis but will be used in implementation. Impacted constraints are listed in the file [.Xil/mult_4x4_propImpl.xdc].
Resolution: To avoid this warning, move constraints listed in [.Xil/mult_4x4_propImpl.xdc] to another XDC file and exclude this new file from synthesis with the used_in_synthesis property (File Properties dialog in GUI) and re-run elaboration/synthesis.
Netlist sorting complete. Time (s): cpu = 00:00:00 ; elapsed = 00:00:00 . Memory (MB): peak = 801.547 ; gain = 0.000
Completed Processing XDC Constraints

Netlist sorting complete. Time (s): cpu = 00:00:00 ; elapsed = 00:00:00 . Memory (MB): peak = 801.547 ; gain = 0.000
INFO: [Project 1-111] Unisim Transformation Summary:
No Unisim elements were transformed.

Netlist sorting complete. Time (s): cpu = 00:00:00 ; elapsed = 00:00:00.001 . Memory (MB): peak = 801.547 ; gain = 0.000
Constraint Validation Runtime : Time (s): cpu = 00:00:00 ; elapsed = 00:00:00.004 . Memory (MB): peak = 801.547 ; gain = 0.000
---------------------------------------------------------------------------------
Finished Constraint Validation : Time (s): cpu = 00:00:10 ; elapsed = 00:00:11 . Memory (MB): peak = 801.547 ; gain = 494.434
---------------------------------------------------------------------------------
---------------------------------------------------------------------------------
Start Loading Part and Timing Information
---------------------------------------------------------------------------------
Loading part: xc7a100tcsg324-1
---------------------------------------------------------------------------------
Finished Loading Part and Timing Information : Time (s): cpu = 00:00:10 ; elapsed = 00:00:11 . Memory (MB): peak = 801.547 ; gain = 494.434
---------------------------------------------------------------------------------
---------------------------------------------------------------------------------
Start Applying 'set_property' XDC Constraints
---------------------------------------------------------------------------------
Applied set_property IO_BUFFER_TYPE = NONE for clk. (constraint file  c:/Users/SET253-10U.HCCMAIN/Documents/GitHub/ENES247_TRUC/lab11-ASM/lab11_2_1/lab11_2_1/lab11_2_1.srcs/sources_1/ip/clk_5MHz/clk_5MHz/clk_5MHz_in_context.xdc, line 3).
Applied set_property CLOCK_BUFFER_TYPE = NONE for clk. (constraint file  c:/Users/SET253-10U.HCCMAIN/Documents/GitHub/ENES247_TRUC/lab11-ASM/lab11_2_1/lab11_2_1/lab11_2_1.srcs/sources_1/ip/clk_5MHz/clk_5MHz/clk_5MHz_in_context.xdc, line 4).
Applied set_property DONT_TOUCH = true for U1. (constraint file  auto generated constraint, line ).
---------------------------------------------------------------------------------
Finished applying 'set_property' XDC Constraints : Time (s): cpu = 00:00:10 ; elapsed = 00:00:11 . Memory (MB): peak = 801.547 ; gain = 494.434
---------------------------------------------------------------------------------
INFO: [Synth 8-802] inferred FSM for state register 'state_reg' in module 'mult_4x4_cu'
INFO: [Synth 8-5544] ROM "done_sig" won't be mapped to Block RAM because address size (2) smaller than threshold (5)
INFO: [Synth 8-5544] ROM "shift" won't be mapped to Block RAM because address size (2) smaller than threshold (5)
INFO: [Synth 8-5544] ROM "nextstate" won't be mapped to Block RAM because address size (1) smaller than threshold (5)
INFO: [Synth 8-802] inferred FSM for state register 'state_reg' in module 'pb_debouncer'
INFO: [Synth 8-5544] ROM "pb_debounced" won't be mapped to Block RAM because address size (3) smaller than threshold (5)
INFO: [Synth 8-5544] ROM "state" won't be mapped to Block RAM because address size (1) smaller than threshold (5)
INFO: [Synth 8-5544] ROM "state" won't be mapped to Block RAM because address size (1) smaller than threshold (5)
INFO: [Synth 8-5544] ROM "count_done" won't be mapped to Block RAM because address size (4) smaller than threshold (5)
---------------------------------------------------------------------------------------------------
                   State |                     New Encoding |                Previous Encoding 
---------------------------------------------------------------------------------------------------
                      S0 |                             0001 |                               00
                      S1 |                             0010 |                               01
                      S2 |                             0100 |                               10
                      S3 |                             1000 |                               11
---------------------------------------------------------------------------------------------------
INFO: [Synth 8-3354] encoded FSM with state register 'state_reg' using encoding 'one-hot' in module 'mult_4x4_cu'
---------------------------------------------------------------------------------------------------
                   State |                     New Encoding |                Previous Encoding 
---------------------------------------------------------------------------------------------------
                      S0 |                              000 |                              000
                      S1 |                              001 |                              001
                      S2 |                              010 |                              010
                      S3 |                              011 |                              011
                      S4 |                              100 |                              100
---------------------------------------------------------------------------------------------------
INFO: [Synth 8-3354] encoded FSM with state register 'state_reg' using encoding 'sequential' in module 'pb_debouncer'
---------------------------------------------------------------------------------
Finished RTL Optimization Phase 2 : Time (s): cpu = 00:00:11 ; elapsed = 00:00:11 . Memory (MB): peak = 801.547 ; gain = 494.434
---------------------------------------------------------------------------------

Report RTL Partitions: 
+-+--------------+------------+----------+
| |RTL Partition |Replication |Instances |
+-+--------------+------------+----------+
+-+--------------+------------+----------+
---------------------------------------------------------------------------------
Start RTL Component Statistics 
---------------------------------------------------------------------------------
Detailed RTL Component Info : 
+---Adders : 
	   2 Input     15 Bit       Adders := 1     
	   2 Input      5 Bit       Adders := 1     
	   2 Input      4 Bit       Adders := 1     
+---Registers : 
	               15 Bit    Registers := 1     
	                9 Bit    Registers := 1     
	                4 Bit    Registers := 2     
	                1 Bit    Registers := 4     
+---Muxes : 
	   6 Input     15 Bit        Muxes := 1     
	   2 Input      9 Bit        Muxes := 4     
	   4 Input      7 Bit        Muxes := 1     
	   2 Input      5 Bit        Muxes := 1     
	   4 Input      4 Bit        Muxes := 1     
	   2 Input      4 Bit        Muxes := 2     
	   6 Input      4 Bit        Muxes := 1     
	   5 Input      3 Bit        Muxes := 1     
	   2 Input      3 Bit        Muxes := 3     
	   5 Input      2 Bit        Muxes := 1     
	   4 Input      1 Bit        Muxes := 2     
	   6 Input      1 Bit        Muxes := 1     
	   5 Input      1 Bit        Muxes := 3     
	   2 Input      1 Bit        Muxes := 1     
---------------------------------------------------------------------------------
Finished RTL Component Statistics 
---------------------------------------------------------------------------------
---------------------------------------------------------------------------------
Start RTL Hierarchical Component Statistics 
---------------------------------------------------------------------------------
Hierarchical RTL Component report 
Module mult_4x4 
Detailed RTL Component Info : 
+---Adders : 
	   2 Input      5 Bit       Adders := 1     
	   2 Input      4 Bit       Adders := 1     
+---Registers : 
	                9 Bit    Registers := 1     
	                4 Bit    Registers := 1     
	                1 Bit    Registers := 1     
+---Muxes : 
	   2 Input      9 Bit        Muxes := 4     
	   4 Input      7 Bit        Muxes := 1     
	   2 Input      5 Bit        Muxes := 1     
	   5 Input      2 Bit        Muxes := 1     
	   2 Input      1 Bit        Muxes := 1     
Module mult_4x4_cu 
Detailed RTL Component Info : 
+---Registers : 
	                1 Bit    Registers := 1     
+---Muxes : 
	   4 Input      4 Bit        Muxes := 1     
	   2 Input      4 Bit        Muxes := 2     
	   4 Input      1 Bit        Muxes := 2     
Module clk_divider_about_500hz_refresh_rate_4display 
Detailed RTL Component Info : 
+---Adders : 
	   2 Input     15 Bit       Adders := 1     
+---Registers : 
	               15 Bit    Registers := 1     
	                4 Bit    Registers := 1     
+---Muxes : 
	   6 Input     15 Bit        Muxes := 1     
	   6 Input      4 Bit        Muxes := 1     
	   6 Input      1 Bit        Muxes := 1     
Module pb_debouncer 
Detailed RTL Component Info : 
+---Registers : 
	                1 Bit    Registers := 2     
+---Muxes : 
	   5 Input      3 Bit        Muxes := 1     
	   2 Input      3 Bit        Muxes := 3     
	   5 Input      1 Bit        Muxes := 3     
---------------------------------------------------------------------------------
Finished RTL Hierarchical Component Statistics
---------------------------------------------------------------------------------
---------------------------------------------------------------------------------
Start Part Resource Summary
---------------------------------------------------------------------------------
Part Resources:
DSPs: 240 (col length:80)
BRAMs: 270 (col length: RAMB18 80 RAMB36 40)
---------------------------------------------------------------------------------
Finished Part Resource Summary
---------------------------------------------------------------------------------
---------------------------------------------------------------------------------
Start Cross Boundary and Area Optimization
---------------------------------------------------------------------------------
Warning: Parallel synthesis criteria is not met 
WARNING: [Synth 8-3917] design mult_4x4 has port an[7] driven by constant 1
WARNING: [Synth 8-3917] design mult_4x4 has port an[6] driven by constant 1
WARNING: [Synth 8-3917] design mult_4x4 has port an[5] driven by constant 1
WARNING: [Synth 8-3917] design mult_4x4 has port an[4] driven by constant 1
---------------------------------------------------------------------------------
Finished Cross Boundary and Area Optimization : Time (s): cpu = 00:00:12 ; elapsed = 00:00:13 . Memory (MB): peak = 801.547 ; gain = 494.434
---------------------------------------------------------------------------------
---------------------------------------------------------------------------------
Start ROM, RAM, DSP and Shift Register Reporting
---------------------------------------------------------------------------------

ROM:
+----------------------+------------+---------------+----------------+
|Module Name           | RTL Object | Depth x Width | Implemented As | 
+----------------------+------------+---------------+----------------+
|mult_4x4_operands_ROM | p_0_out    | 32x4          | LUT            | 
|mult_4x4              | p_0_out    | 32x4          | LUT            | 
+----------------------+------------+---------------+----------------+

---------------------------------------------------------------------------------
Finished ROM, RAM, DSP and Shift Register Reporting
---------------------------------------------------------------------------------

Report RTL Partitions: 
+-+--------------+------------+----------+
| |RTL Partition |Replication |Instances |
+-+--------------+------------+----------+
+-+--------------+------------+----------+
---------------------------------------------------------------------------------
Start Applying XDC Timing Constraints
---------------------------------------------------------------------------------
INFO: [Synth 8-5578] Moved timing constraint from pin 'U1/clk_out1' to pin 'U1/bbstub_clk_out1/O'
INFO: [Synth 8-5819] Moved 1 constraints on hierarchical pins to their respective driving/loading pins
---------------------------------------------------------------------------------
Finished Applying XDC Timing Constraints : Time (s): cpu = 00:00:20 ; elapsed = 00:00:21 . Memory (MB): peak = 801.547 ; gain = 494.434
---------------------------------------------------------------------------------
---------------------------------------------------------------------------------
Start Timing Optimization
---------------------------------------------------------------------------------
---------------------------------------------------------------------------------
Finished Timing Optimization : Time (s): cpu = 00:00:20 ; elapsed = 00:00:21 . Memory (MB): peak = 833.980 ; gain = 526.867
---------------------------------------------------------------------------------

Report RTL Partitions: 
+-+--------------+------------+----------+
| |RTL Partition |Replication |Instances |
+-+--------------+------------+----------+
+-+--------------+------------+----------+
---------------------------------------------------------------------------------
Start Technology Mapping
---------------------------------------------------------------------------------
---------------------------------------------------------------------------------
Finished Technology Mapping : Time (s): cpu = 00:00:20 ; elapsed = 00:00:21 . Memory (MB): peak = 833.980 ; gain = 526.867
---------------------------------------------------------------------------------

Report RTL Partitions: 
+-+--------------+------------+----------+
| |RTL Partition |Replication |Instances |
+-+--------------+------------+----------+
+-+--------------+------------+----------+
---------------------------------------------------------------------------------
Start IO Insertion
---------------------------------------------------------------------------------
---------------------------------------------------------------------------------
Start Flattening Before IO Insertion
---------------------------------------------------------------------------------
---------------------------------------------------------------------------------
Finished Flattening Before IO Insertion
---------------------------------------------------------------------------------
---------------------------------------------------------------------------------
Start Final Netlist Cleanup
---------------------------------------------------------------------------------
---------------------------------------------------------------------------------
Finished Final Netlist Cleanup
---------------------------------------------------------------------------------
---------------------------------------------------------------------------------
Finished IO Insertion : Time (s): cpu = 00:00:21 ; elapsed = 00:00:22 . Memory (MB): peak = 833.980 ; gain = 526.867
---------------------------------------------------------------------------------

Report Check Netlist: 
+------+------------------+-------+---------+-------+------------------+
|      |Item              |Errors |Warnings |Status |Description       |
+------+------------------+-------+---------+-------+------------------+
|1     |multi_driven_nets |      0|        0|Passed |Multi driven nets |
+------+------------------+-------+---------+-------+------------------+
---------------------------------------------------------------------------------
Start Renaming Generated Instances
---------------------------------------------------------------------------------
---------------------------------------------------------------------------------
Finished Renaming Generated Instances : Time (s): cpu = 00:00:21 ; elapsed = 00:00:22 . Memory (MB): peak = 833.980 ; gain = 526.867
---------------------------------------------------------------------------------

Report RTL Partitions: 
+-+--------------+------------+----------+
| |RTL Partition |Replication |Instances |
+-+--------------+------------+----------+
+-+--------------+------------+----------+
---------------------------------------------------------------------------------
Start Rebuilding User Hierarchy
---------------------------------------------------------------------------------
---------------------------------------------------------------------------------
Finished Rebuilding User Hierarchy : Time (s): cpu = 00:00:21 ; elapsed = 00:00:22 . Memory (MB): peak = 833.980 ; gain = 526.867
---------------------------------------------------------------------------------
---------------------------------------------------------------------------------
Start Renaming Generated Ports
---------------------------------------------------------------------------------
---------------------------------------------------------------------------------
Finished Renaming Generated Ports : Time (s): cpu = 00:00:21 ; elapsed = 00:00:22 . Memory (MB): peak = 833.980 ; gain = 526.867
---------------------------------------------------------------------------------
---------------------------------------------------------------------------------
Start Handling Custom Attributes
---------------------------------------------------------------------------------
---------------------------------------------------------------------------------
Finished Handling Custom Attributes : Time (s): cpu = 00:00:21 ; elapsed = 00:00:22 . Memory (MB): peak = 833.980 ; gain = 526.867
---------------------------------------------------------------------------------
---------------------------------------------------------------------------------
Start Renaming Generated Nets
---------------------------------------------------------------------------------
---------------------------------------------------------------------------------
Finished Renaming Generated Nets : Time (s): cpu = 00:00:21 ; elapsed = 00:00:22 . Memory (MB): peak = 833.980 ; gain = 526.867
---------------------------------------------------------------------------------
---------------------------------------------------------------------------------
Start Writing Synthesis Report
---------------------------------------------------------------------------------

Report BlackBoxes: 
+------+--------------+----------+
|      |BlackBox name |Instances |
+------+--------------+----------+
|1     |clk_5MHz      |         1|
+------+--------------+----------+

Report Cell Usage: 
+------+---------+------+
|      |Cell     |Count |
+------+---------+------+
|1     |clk_5MHz |     1|
|2     |CARRY4   |     9|
|3     |LUT1     |     3|
|4     |LUT2     |     6|
|5     |LUT3     |     8|
|6     |LUT4     |    10|
|7     |LUT5     |    18|
|8     |LUT6     |    27|
|9     |FDRE     |    60|
|10    |IBUF     |     9|
|11    |OBUF     |    16|
+------+---------+------+

Report Instance Areas: 
+------+---------+----------------------------------------------+------+
|      |Instance |Module                                        |Cells |
+------+---------+----------------------------------------------+------+
|1     |top      |                                              |   168|
|2     |  U2     |mult_4x4_cu                                   |    26|
|3     |  U5     |clk_divider_about_500hz_refresh_rate_4display |    40|
|4     |  U9     |pb_debouncer                                  |    35|
+------+---------+----------------------------------------------+------+
---------------------------------------------------------------------------------
Finished Writing Synthesis Report : Time (s): cpu = 00:00:21 ; elapsed = 00:00:22 . Memory (MB): peak = 833.980 ; gain = 526.867
---------------------------------------------------------------------------------
Synthesis finished with 0 errors, 0 critical warnings and 4 warnings.
Synthesis Optimization Runtime : Time (s): cpu = 00:00:13 ; elapsed = 00:00:17 . Memory (MB): peak = 833.980 ; gain = 187.719
Synthesis Optimization Complete : Time (s): cpu = 00:00:21 ; elapsed = 00:00:22 . Memory (MB): peak = 833.980 ; gain = 526.867
INFO: [Project 1-571] Translating synthesized netlist
INFO: [Netlist 29-17] Analyzing 9 Unisim elements for replacement
INFO: [Netlist 29-28] Unisim Transformation completed in 0 CPU seconds
INFO: [Project 1-570] Preparing netlist for logic optimization
INFO: [Opt 31-138] Pushed 0 inverter(s) to 0 load pin(s).
Netlist sorting complete. Time (s): cpu = 00:00:00 ; elapsed = 00:00:00 . Memory (MB): peak = 833.980 ; gain = 0.000
INFO: [Project 1-111] Unisim Transformation Summary:
No Unisim elements were transformed.

INFO: [Common 17-83] Releasing license: Synthesis
45 Infos, 9 Warnings, 0 Critical Warnings and 0 Errors encountered.
synth_design completed successfully
synth_design: Time (s): cpu = 00:00:23 ; elapsed = 00:00:24 . Memory (MB): peak = 833.980 ; gain = 538.332
Netlist sorting complete. Time (s): cpu = 00:00:00 ; elapsed = 00:00:00 . Memory (MB): peak = 833.980 ; gain = 0.000
WARNING: [Constraints 18-5210] No constraints selected for write.
Resolution: This message can indicate that there are no constraints for the design, or it can indicate that the used_in flags are set such that the constraints are ignored. This later case is used when running synth_design to not write synthesis constraints to the resulting checkpoint. Instead, project constraints are read when the synthesized design is opened.
INFO: [Common 17-1381] The checkpoint 'C:/Users/SET253-10U.HCCMAIN/Documents/GitHub/ENES247_TRUC/lab11-ASM/lab11_2_1/lab11_2_1/lab11_2_1.runs/synth_1/mult_4x4.dcp' has been generated.
INFO: [runtcl-4] Executing : report_utilization -file mult_4x4_utilization_synth.rpt -pb mult_4x4_utilization_synth.pb
INFO: [Common 17-206] Exiting Vivado at Wed May 22 15:57:44 2019...
