#-----------------------------------------------------------
# Vivado v2018.2 (64-bit)
# SW Build 2258646 on Thu Jun 14 20:03:12 MDT 2018
# IP Build 2256618 on Thu Jun 14 22:10:49 MDT 2018
# Start of session at: Thu Feb  7 01:26:05 2019
# Process ID: 14880
# Current directory: C:/Users/Gau Bin/Documents/GitHub/ENES247_TRUC/lab1-mux/lab1_2_mux2-1-tristate
# Command line: vivado.exe -gui_launcher_event rodinguilauncherevent16592 C:\Users\Gau Bin\Documents\GitHub\ENES247_TRUC\lab1-mux\lab1_2_mux2-1-tristate\lab1_2_mux2-1-tristate.xpr
# Log file: C:/Users/Gau Bin/Documents/GitHub/ENES247_TRUC/lab1-mux/lab1_2_mux2-1-tristate/vivado.log
# Journal file: C:/Users/Gau Bin/Documents/GitHub/ENES247_TRUC/lab1-mux/lab1_2_mux2-1-tristate\vivado.jou
#-----------------------------------------------------------
start_gui
open_project {C:/Users/Gau Bin/Documents/GitHub/ENES247_TRUC/lab1-mux/lab1_2_mux2-1-tristate/lab1_2_mux2-1-tristate.xpr}
INFO: [Project 1-313] Project file moved from 'C:/Users/FoersterGame/Documents/GitHub/ENES247/lab1-mux/lab1_2_mux2-1-tristate' since last save.
Scanning sources...
Finished scanning sources
WARNING: [filemgmt 56-2] IPUserFilesDir: Could not find the directory 'C:/Users/Gau Bin/Documents/GitHub/ENES247_TRUC/lab1-mux/lab1_2_mux2-1-tristate/lab1_2_mux2-1-tristate.ip_user_files', nor could it be found using path 'C:/Users/FoersterGame/Documents/GitHub/ENES247/lab1-mux/lab1_2_mux2-1-tristate/lab1_2_mux2-1-tristate.ip_user_files'.
CRITICAL WARNING: [Board 49-67] The board_part definition was not found for digilentinc.com:nexys4_ddr:part0:1.1. This can happen sometimes when you use custom board part. You can resolve this issue by setting 'board.repoPaths' parameter, pointing to the location of custom board files. Valid board_part values can be retrieved with the 'get_board_parts' Tcl command.
WARNING: [Project 1-231] Project 'lab1_2_mux2-1-tristate.xpr' was created with a future version and may or may not perform reliably with this version of Vivado. It has been opened in read-only mode for the protection of unrecognized data. Use 'File | Save Project As...' if you wish to alter a copy of the project.
INFO: [IP_Flow 19-234] Refreshing IP repositories
INFO: [IP_Flow 19-1704] No user IP repositories specified
INFO: [IP_Flow 19-2313] Loaded Vivado IP repository 'C:/Xilinx/Vivado/2018.2/data/ip'.
open_project: Time (s): cpu = 00:00:12 ; elapsed = 00:00:08 . Memory (MB): peak = 787.559 ; gain = 61.914
update_compile_order -fileset sources_1
exit
INFO: [Common 17-206] Exiting Vivado at Thu Feb  7 01:31:09 2019...
