#-----------------------------------------------------------
# Vivado v2018.3 (64-bit)
# SW Build 2405991 on Thu Dec  6 23:38:27 MST 2018
# IP Build 2404404 on Fri Dec  7 01:43:56 MST 2018
# Start of session at: Thu Feb  7 10:13:05 2019
# Process ID: 6088
# Current directory: C:/Users/Gau Bin/Documents/GitHub/ENES247_TRUC/lab1-mux/lab1_2_mux2-1-tristate
# Command line: vivado.exe -gui_launcher_event rodinguilauncherevent12552 C:\Users\Gau Bin\Documents\GitHub\ENES247_TRUC\lab1-mux\lab1_2_mux2-1-tristate\lab1_2_mux2-1-tristate.xpr
# Log file: C:/Users/Gau Bin/Documents/GitHub/ENES247_TRUC/lab1-mux/lab1_2_mux2-1-tristate/vivado.log
# Journal file: C:/Users/Gau Bin/Documents/GitHub/ENES247_TRUC/lab1-mux/lab1_2_mux2-1-tristate\vivado.jou
#-----------------------------------------------------------
start_gui
open_project {C:/Users/Gau Bin/Documents/GitHub/ENES247_TRUC/lab1-mux/lab1_2_mux2-1-tristate/lab1_2_mux2-1-tristate.xpr}
INFO: [Project 1-313] Project file moved from 'C:/Users/FoersterGame/Documents/GitHub/ENES247/lab1-mux/lab1_2_mux2-1-tristate' since last save.
Scanning sources...
Finished scanning sources
WARNING: [filemgmt 56-2] IPUserFilesDir: Could not find the directory 'C:/Users/Gau Bin/Documents/GitHub/ENES247_TRUC/lab1-mux/lab1_2_mux2-1-tristate/lab1_2_mux2-1-tristate.ip_user_files', nor could it be found using path 'C:/Users/FoersterGame/Documents/GitHub/ENES247/lab1-mux/lab1_2_mux2-1-tristate/lab1_2_mux2-1-tristate.ip_user_files'.
CRITICAL WARNING: [Board 49-67] The board_part definition was not found for digilentinc.com:nexys4_ddr:part0:1.1. This can happen sometimes when you use custom board part. You can resolve this issue by setting 'board.repoPaths' parameter, pointing to the location of custom board files. Valid board_part values can be retrieved with the 'get_board_parts' Tcl command.
INFO: [IP_Flow 19-234] Refreshing IP repositories
INFO: [IP_Flow 19-1704] No user IP repositories specified
INFO: [IP_Flow 19-2313] Loaded Vivado IP repository 'C:/Xilinx/Vivado/2018.3/data/ip'.
open_project: Time (s): cpu = 00:00:24 ; elapsed = 00:00:24 . Memory (MB): peak = 767.500 ; gain = 189.414
update_compile_order -fileset sources_1
reset_run synth_1
launch_runs synth_1 -jobs 2
[Thu Feb  7 10:14:19 2019] Launched synth_1...
Run output will be captured here: C:/Users/Gau Bin/Documents/GitHub/ENES247_TRUC/lab1-mux/lab1_2_mux2-1-tristate/lab1_2_mux2-1-tristate.runs/synth_1/runme.log
launch_runs impl_1 -jobs 2
[Thu Feb  7 10:15:05 2019] Launched impl_1...
Run output will be captured here: C:/Users/Gau Bin/Documents/GitHub/ENES247_TRUC/lab1-mux/lab1_2_mux2-1-tristate/lab1_2_mux2-1-tristate.runs/impl_1/runme.log
open_run impl_1
INFO: [Project 1-479] Netlist was created with Vivado 2018.3
INFO: [Device 21-403] Loading part xc7a100tcsg324-1
INFO: [Project 1-570] Preparing netlist for logic optimization
INFO: [Timing 38-478] Restoring timing data from binary archive.
INFO: [Timing 38-479] Binary timing data restore complete.
INFO: [Project 1-856] Restoring constraints from binary archive.
INFO: [Project 1-853] Binary constraint restore complete.
Reading XDEF placement.
Reading placer database...
Reading XDEF routing.
Read XDEF File: Time (s): cpu = 00:00:00 ; elapsed = 00:00:00.042 . Memory (MB): peak = 1612.051 ; gain = 0.000
Restored from archive | CPU: 0.000000 secs | Memory: 0.000000 MB |
Finished XDEF File Restore: Time (s): cpu = 00:00:00 ; elapsed = 00:00:00.042 . Memory (MB): peak = 1612.051 ; gain = 0.000
Netlist sorting complete. Time (s): cpu = 00:00:00 ; elapsed = 00:00:00 . Memory (MB): peak = 1612.051 ; gain = 0.000
INFO: [Project 1-111] Unisim Transformation Summary:
No Unisim elements were transformed.

open_run: Time (s): cpu = 00:00:31 ; elapsed = 00:00:23 . Memory (MB): peak = 1725.914 ; gain = 927.008
WARNING: [Timing 38-313] There are no user specified timing constraints. Timing constraints are needed for proper timing analysis.
launch_runs impl_1 -to_step write_bitstream -jobs 2
[Thu Feb  7 11:22:01 2019] Launched impl_1...
Run output will be captured here: C:/Users/Gau Bin/Documents/GitHub/ENES247_TRUC/lab1-mux/lab1_2_mux2-1-tristate/lab1_2_mux2-1-tristate.runs/impl_1/runme.log
open_hw
connect_hw_server
INFO: [Labtools 27-2285] Connecting to hw_server url TCP:localhost:3121
INFO: [Labtools 27-2222] Launching hw_server...
INFO: [Labtools 27-2221] Launch Output:

****** Xilinx hw_server v2018.3
  **** Build date : Dec  7 2018-00:40:27
    ** Copyright 1986-2018 Xilinx, Inc. All Rights Reserved.


open_hw_target
INFO: [Labtoolstcl 44-466] Opening hw_target localhost:3121/xilinx_tcf/Digilent/210292A6EED3A
set_property PROGRAM.FILE {C:/Users/Gau Bin/Documents/GitHub/ENES247_TRUC/lab1-mux/lab1_2_mux2-1-tristate/lab1_2_mux2-1-tristate.runs/impl_1/m2x1Mux.bit} [get_hw_devices xc7a100t_0]
current_hw_device [get_hw_devices xc7a100t_0]
refresh_hw_device -update_hw_probes false [lindex [get_hw_devices xc7a100t_0] 0]
INFO: [Labtools 27-1434] Device xc7a100t (JTAG device index = 0) is programmed with a design that has no supported debug core(s) in it.
set_property PROBES.FILE {} [get_hw_devices xc7a100t_0]
set_property FULL_PROBES.FILE {} [get_hw_devices xc7a100t_0]
set_property PROGRAM.FILE {C:/Users/Gau Bin/Documents/GitHub/ENES247_TRUC/lab1-mux/lab1_2_mux2-1-tristate/lab1_2_mux2-1-tristate.runs/impl_1/m2x1Mux.bit} [get_hw_devices xc7a100t_0]
program_hw_devices [get_hw_devices xc7a100t_0]
INFO: [Labtools 27-3164] End of startup status: HIGH
refresh_hw_device [lindex [get_hw_devices xc7a100t_0] 0]
INFO: [Labtools 27-1434] Device xc7a100t (JTAG device index = 0) is programmed with a design that has no supported debug core(s) in it.
exit
INFO: [Common 17-206] Exiting Vivado at Thu Feb  7 11:29:10 2019...
