#-----------------------------------------------------------
# Vivado v2018.3 (64-bit)
# SW Build 2405991 on Thu Dec  6 23:38:27 MST 2018
# IP Build 2404404 on Fri Dec  7 01:43:56 MST 2018
# Start of session at: Thu May  2 13:55:47 2019
# Process ID: 5084
# Current directory: C:/Users/SET253-12U.HCCMAIN/Documents/GitHub/ENES247_TRUC/lab7-Behavioral-Modeling/lab7_1_4/lab7_1_4_graycode
# Command line: vivado.exe -gui_launcher_event rodinguilauncherevent10464 C:\Users\SET253-12U.HCCMAIN\Documents\GitHub\ENES247_TRUC\lab7-Behavioral-Modeling\lab7_1_4\lab7_1_4_graycode\lab7_1_4_graycode.xpr
# Log file: C:/Users/SET253-12U.HCCMAIN/Documents/GitHub/ENES247_TRUC/lab7-Behavioral-Modeling/lab7_1_4/lab7_1_4_graycode/vivado.log
# Journal file: C:/Users/SET253-12U.HCCMAIN/Documents/GitHub/ENES247_TRUC/lab7-Behavioral-Modeling/lab7_1_4/lab7_1_4_graycode\vivado.jou
#-----------------------------------------------------------
start_gui
open_project C:/Users/SET253-12U.HCCMAIN/Documents/GitHub/ENES247_TRUC/lab7-Behavioral-Modeling/lab7_1_4/lab7_1_4_graycode/lab7_1_4_graycode.xpr
INFO: [ProjectBase 1-489] The host OS only allows 260 characters in a normal path. The project is stored in a path with more than 80 characters. If you experience issues with IP, Block Designs, or files not being found, please consider moving the project to a location with a shorter path. Alternately consider using the OS subst command to map part of the path to a drive letter.
Current project path is 'C:/Users/SET253-12U.HCCMAIN/Documents/GitHub/ENES247_TRUC/lab7-Behavioral-Modeling/lab7_1_4/lab7_1_4_graycode'
Scanning sources...
Finished scanning sources
WARNING: [filemgmt 56-3] IPUserFilesDir: Could not find the directory 'C:/Users/SET253-12U.HCCMAIN/Documents/GitHub/ENES247_TRUC/lab7-Behavioral-Modeling/lab7_1_4/lab7_1_4_graycode/lab7_1_4_graycode.ip_user_files'.
INFO: [IP_Flow 19-234] Refreshing IP repositories
INFO: [IP_Flow 19-1704] No user IP repositories specified
INFO: [IP_Flow 19-2313] Loaded Vivado IP repository 'C:/Xilinx/Vivado/2018.3/data/ip'.
open_project: Time (s): cpu = 00:00:16 ; elapsed = 00:00:09 . Memory (MB): peak = 701.250 ; gain = 147.168
update_compile_order -fileset sources_1
reset_run synth_1
launch_runs impl_1 -to_step write_bitstream -jobs 4
[Thu May  2 13:56:32 2019] Launched synth_1...
Run output will be captured here: C:/Users/SET253-12U.HCCMAIN/Documents/GitHub/ENES247_TRUC/lab7-Behavioral-Modeling/lab7_1_4/lab7_1_4_graycode/lab7_1_4_graycode.runs/synth_1/runme.log
[Thu May  2 13:56:32 2019] Launched impl_1...
Run output will be captured here: C:/Users/SET253-12U.HCCMAIN/Documents/GitHub/ENES247_TRUC/lab7-Behavioral-Modeling/lab7_1_4/lab7_1_4_graycode/lab7_1_4_graycode.runs/impl_1/runme.log
open_run impl_1
INFO: [Project 1-479] Netlist was created with Vivado 2018.3
INFO: [Device 21-403] Loading part xc7a100tcsg324-1
INFO: [Project 1-570] Preparing netlist for logic optimization
INFO: [Timing 38-478] Restoring timing data from binary archive.
INFO: [Timing 38-479] Binary timing data restore complete.
INFO: [Project 1-856] Restoring constraints from binary archive.
INFO: [Project 1-853] Binary constraint restore complete.
Reading XDEF placement.
Reading placer database...
Reading XDEF routing.
Read XDEF File: Time (s): cpu = 00:00:00 ; elapsed = 00:00:00.040 . Memory (MB): peak = 1535.305 ; gain = 0.000
Restored from archive | CPU: 0.000000 secs | Memory: 0.000000 MB |
Finished XDEF File Restore: Time (s): cpu = 00:00:00 ; elapsed = 00:00:00.041 . Memory (MB): peak = 1535.305 ; gain = 0.000
Netlist sorting complete. Time (s): cpu = 00:00:00 ; elapsed = 00:00:00 . Memory (MB): peak = 1535.305 ; gain = 0.000
INFO: [Project 1-111] Unisim Transformation Summary:
No Unisim elements were transformed.

open_run: Time (s): cpu = 00:00:25 ; elapsed = 00:00:20 . Memory (MB): peak = 1640.703 ; gain = 924.195
WARNING: [Timing 38-313] There are no user specified timing constraints. Timing constraints are needed for proper timing analysis.
open_hw
connect_hw_server
INFO: [Labtools 27-2285] Connecting to hw_server url TCP:localhost:3121
INFO: [Labtools 27-2222] Launching hw_server...
INFO: [Labtools 27-2221] Launch Output:

****** Xilinx hw_server v2018.3
  **** Build date : Dec  7 2018-00:40:27
    ** Copyright 1986-2018 Xilinx, Inc. All Rights Reserved.


open_hw_target
INFO: [Labtoolstcl 44-466] Opening hw_target localhost:3121/xilinx_tcf/Digilent/210292A6EED3A
set_property PROGRAM.FILE {C:/Users/SET253-12U.HCCMAIN/Documents/GitHub/ENES247_TRUC/lab7-Behavioral-Modeling/lab7_1_4/lab7_1_4_graycode/lab7_1_4_graycode.runs/impl_1/gray_code_case.bit} [get_hw_devices xc7a100t_0]
current_hw_device [get_hw_devices xc7a100t_0]
refresh_hw_device -update_hw_probes false [lindex [get_hw_devices xc7a100t_0] 0]
INFO: [Labtools 27-1435] Device xc7a100t (JTAG device index = 0) is not programmed (DONE status = 0).
set_property PROBES.FILE {} [get_hw_devices xc7a100t_0]
set_property FULL_PROBES.FILE {} [get_hw_devices xc7a100t_0]
set_property PROGRAM.FILE {C:/Users/SET253-12U.HCCMAIN/Documents/GitHub/ENES247_TRUC/lab7-Behavioral-Modeling/lab7_1_4/lab7_1_4_graycode/lab7_1_4_graycode.runs/impl_1/gray_code_case.bit} [get_hw_devices xc7a100t_0]
program_hw_devices [get_hw_devices xc7a100t_0]
INFO: [Labtools 27-3164] End of startup status: HIGH
refresh_hw_device [lindex [get_hw_devices xc7a100t_0] 0]
INFO: [Labtools 27-1434] Device xc7a100t (JTAG device index = 0) is programmed with a design that has no supported debug core(s) in it.
close_hw
WARNING: [Board 49-26] cannot add Board Part digilentinc.com:genesys2:part0:1.1 available at C:/Xilinx/Vivado/2018.3/data/boards/board_files/genesys2/H/board.xml as part xc7k325tffg900-2 specified in board_part file is either invalid or not available
WARNING: [Board 49-26] cannot add Board Part digilentinc.com:sword:part0:1.0 available at C:/Xilinx/Vivado/2018.3/data/boards/board_files/sword/C.0/board.xml as part xc7k325tffg900-2 specified in board_part file is either invalid or not available
WARNING: [Board 49-26] cannot add Board Part digilentinc.com:genesys2:part0:1.1 available at C:/Xilinx/Vivado/2018.3/data/boards/board_files/genesys2/H/board.xml as part xc7k325tffg900-2 specified in board_part file is either invalid or not available
WARNING: [Board 49-26] cannot add Board Part digilentinc.com:sword:part0:1.0 available at C:/Xilinx/Vivado/2018.3/data/boards/board_files/sword/C.0/board.xml as part xc7k325tffg900-2 specified in board_part file is either invalid or not available
WARNING: [Board 49-26] cannot add Board Part digilentinc.com:genesys2:part0:1.1 available at C:/Xilinx/Vivado/2018.3/data/boards/board_files/genesys2/H/board.xml as part xc7k325tffg900-2 specified in board_part file is either invalid or not available
WARNING: [Board 49-26] cannot add Board Part digilentinc.com:sword:part0:1.0 available at C:/Xilinx/Vivado/2018.3/data/boards/board_files/sword/C.0/board.xml as part xc7k325tffg900-2 specified in board_part file is either invalid or not available
WARNING: [Board 49-26] cannot add Board Part digilentinc.com:genesys2:part0:1.1 available at C:/Xilinx/Vivado/2018.3/data/boards/board_files/genesys2/H/board.xml as part xc7k325tffg900-2 specified in board_part file is either invalid or not available
WARNING: [Board 49-26] cannot add Board Part digilentinc.com:sword:part0:1.0 available at C:/Xilinx/Vivado/2018.3/data/boards/board_files/sword/C.0/board.xml as part xc7k325tffg900-2 specified in board_part file is either invalid or not available
WARNING: [Board 49-26] cannot add Board Part digilentinc.com:genesys2:part0:1.1 available at C:/Xilinx/Vivado/2018.3/data/boards/board_files/genesys2/H/board.xml as part xc7k325tffg900-2 specified in board_part file is either invalid or not available
WARNING: [Board 49-26] cannot add Board Part digilentinc.com:sword:part0:1.0 available at C:/Xilinx/Vivado/2018.3/data/boards/board_files/sword/C.0/board.xml as part xc7k325tffg900-2 specified in board_part file is either invalid or not available
WARNING: [Board 49-26] cannot add Board Part digilentinc.com:genesys2:part0:1.1 available at C:/Xilinx/Vivado/2018.3/data/boards/board_files/genesys2/H/board.xml as part xc7k325tffg900-2 specified in board_part file is either invalid or not available
WARNING: [Board 49-26] cannot add Board Part digilentinc.com:sword:part0:1.0 available at C:/Xilinx/Vivado/2018.3/data/boards/board_files/sword/C.0/board.xml as part xc7k325tffg900-2 specified in board_part file is either invalid or not available
WARNING: [Board 49-26] cannot add Board Part digilentinc.com:genesys2:part0:1.1 available at C:/Xilinx/Vivado/2018.3/data/boards/board_files/genesys2/H/board.xml as part xc7k325tffg900-2 specified in board_part file is either invalid or not available
WARNING: [Board 49-26] cannot add Board Part digilentinc.com:sword:part0:1.0 available at C:/Xilinx/Vivado/2018.3/data/boards/board_files/sword/C.0/board.xml as part xc7k325tffg900-2 specified in board_part file is either invalid or not available
WARNING: [Board 49-26] cannot add Board Part digilentinc.com:genesys2:part0:1.1 available at C:/Xilinx/Vivado/2018.3/data/boards/board_files/genesys2/H/board.xml as part xc7k325tffg900-2 specified in board_part file is either invalid or not available
WARNING: [Board 49-26] cannot add Board Part digilentinc.com:sword:part0:1.0 available at C:/Xilinx/Vivado/2018.3/data/boards/board_files/sword/C.0/board.xml as part xc7k325tffg900-2 specified in board_part file is either invalid or not available
WARNING: [Board 49-26] cannot add Board Part digilentinc.com:genesys2:part0:1.1 available at C:/Xilinx/Vivado/2018.3/data/boards/board_files/genesys2/H/board.xml as part xc7k325tffg900-2 specified in board_part file is either invalid or not available
WARNING: [Board 49-26] cannot add Board Part digilentinc.com:sword:part0:1.0 available at C:/Xilinx/Vivado/2018.3/data/boards/board_files/sword/C.0/board.xml as part xc7k325tffg900-2 specified in board_part file is either invalid or not available
WARNING: [Board 49-26] cannot add Board Part digilentinc.com:genesys2:part0:1.1 available at C:/Xilinx/Vivado/2018.3/data/boards/board_files/genesys2/H/board.xml as part xc7k325tffg900-2 specified in board_part file is either invalid or not available
WARNING: [Board 49-26] cannot add Board Part digilentinc.com:sword:part0:1.0 available at C:/Xilinx/Vivado/2018.3/data/boards/board_files/sword/C.0/board.xml as part xc7k325tffg900-2 specified in board_part file is either invalid or not available
WARNING: [Board 49-26] cannot add Board Part digilentinc.com:genesys2:part0:1.1 available at C:/Xilinx/Vivado/2018.3/data/boards/board_files/genesys2/H/board.xml as part xc7k325tffg900-2 specified in board_part file is either invalid or not available
WARNING: [Board 49-26] cannot add Board Part digilentinc.com:sword:part0:1.0 available at C:/Xilinx/Vivado/2018.3/data/boards/board_files/sword/C.0/board.xml as part xc7k325tffg900-2 specified in board_part file is either invalid or not available
WARNING: [Board 49-26] cannot add Board Part digilentinc.com:genesys2:part0:1.1 available at C:/Xilinx/Vivado/2018.3/data/boards/board_files/genesys2/H/board.xml as part xc7k325tffg900-2 specified in board_part file is either invalid or not available
WARNING: [Board 49-26] cannot add Board Part digilentinc.com:sword:part0:1.0 available at C:/Xilinx/Vivado/2018.3/data/boards/board_files/sword/C.0/board.xml as part xc7k325tffg900-2 specified in board_part file is either invalid or not available
WARNING: [Board 49-26] cannot add Board Part digilentinc.com:genesys2:part0:1.1 available at C:/Xilinx/Vivado/2018.3/data/boards/board_files/genesys2/H/board.xml as part xc7k325tffg900-2 specified in board_part file is either invalid or not available
WARNING: [Board 49-26] cannot add Board Part digilentinc.com:sword:part0:1.0 available at C:/Xilinx/Vivado/2018.3/data/boards/board_files/sword/C.0/board.xml as part xc7k325tffg900-2 specified in board_part file is either invalid or not available
WARNING: [Board 49-26] cannot add Board Part digilentinc.com:genesys2:part0:1.1 available at C:/Xilinx/Vivado/2018.3/data/boards/board_files/genesys2/H/board.xml as part xc7k325tffg900-2 specified in board_part file is either invalid or not available
WARNING: [Board 49-26] cannot add Board Part digilentinc.com:sword:part0:1.0 available at C:/Xilinx/Vivado/2018.3/data/boards/board_files/sword/C.0/board.xml as part xc7k325tffg900-2 specified in board_part file is either invalid or not available
create_project lab7_1_5 C:/Users/SET253-12U.HCCMAIN/Documents/GitHub/ENES247_TRUC/lab7-Behavioral-Modeling/lab7_1_5/lab7_1_5 -part xc7a100tcsg324-1
INFO: [ProjectBase 1-489] The host OS only allows 260 characters in a normal path. The project is stored in a path with more than 80 characters. If you experience issues with IP, Block Designs, or files not being found, please consider moving the project to a location with a shorter path. Alternately consider using the OS subst command to map part of the path to a drive letter.
Current project path is 'C:/Users/SET253-12U.HCCMAIN/Documents/GitHub/ENES247_TRUC/lab7-Behavioral-Modeling/lab7_1_5/lab7_1_5'
INFO: [IP_Flow 19-234] Refreshing IP repositories
INFO: [IP_Flow 19-1704] No user IP repositories specified
INFO: [IP_Flow 19-2313] Loaded Vivado IP repository 'C:/Xilinx/Vivado/2018.3/data/ip'.
set_property board_part digilentinc.com:nexys4_ddr:part0:1.1 [current_project]
add_files -norecurse C:/Users/SET253-12U.HCCMAIN/Documents/GitHub/ENES247_TRUC/lab7-Behavioral-Modeling/lab7_1_5/specific_counter_case.v
add_files -fileset constrs_1 -norecurse C:/Users/SET253-12U.HCCMAIN/Documents/GitHub/ENES247_TRUC/lab7-Behavioral-Modeling/lab7_1_5/Nexys4DDR_Master.xdc
update_compile_order -fileset sources_1
current_project lab7_1_4_graycode
launch_simulation
INFO: [Vivado 12-5682] Launching behavioral simulation in 'C:/Users/SET253-12U.HCCMAIN/Documents/GitHub/ENES247_TRUC/lab7-Behavioral-Modeling/lab7_1_4/lab7_1_4_graycode/lab7_1_4_graycode.sim/sim_1/behav/xsim'
INFO: [SIM-utils-51] Simulation object is 'sim_1'
INFO: [SIM-utils-54] Inspecting design source files for 'gray_code_case' in fileset 'sim_1'...
INFO: [USF-XSim-97] Finding global include files...
INFO: [USF-XSim-98] Fetching design files from 'sim_1'...
INFO: [USF-XSim-2] XSim::Compile design
INFO: [USF-XSim-61] Executing 'COMPILE and ANALYZE' step in 'C:/Users/SET253-12U.HCCMAIN/Documents/GitHub/ENES247_TRUC/lab7-Behavioral-Modeling/lab7_1_4/lab7_1_4_graycode/lab7_1_4_graycode.sim/sim_1/behav/xsim'
"xvlog --incr --relax -prj gray_code_case_vlog.prj"
INFO: [VRFC 10-2263] Analyzing Verilog file "C:/Users/SET253-12U.HCCMAIN/Documents/GitHub/ENES247_TRUC/lab7-Behavioral-Modeling/lab7_1_4/gray_code_case.v" into library xil_defaultlib
INFO: [VRFC 10-311] analyzing module gray_code_case
INFO: [VRFC 10-2263] Analyzing Verilog file "C:/Users/SET253-12U.HCCMAIN/Documents/GitHub/ENES247_TRUC/lab7-Behavioral-Modeling/lab7_1_4/lab7_1_4_graycode/lab7_1_4_graycode.sim/sim_1/behav/xsim/glbl.v" into library xil_defaultlib
INFO: [VRFC 10-311] analyzing module glbl
INFO: [USF-XSim-69] 'compile' step finished in '2' seconds
INFO: [USF-XSim-3] XSim::Elaborate design
INFO: [USF-XSim-61] Executing 'ELABORATE' step in 'C:/Users/SET253-12U.HCCMAIN/Documents/GitHub/ENES247_TRUC/lab7-Behavioral-Modeling/lab7_1_4/lab7_1_4_graycode/lab7_1_4_graycode.sim/sim_1/behav/xsim'
Vivado Simulator 2018.3
Copyright 1986-1999, 2001-2018 Xilinx, Inc. All Rights Reserved.
Running: C:/Xilinx/Vivado/2018.3/bin/unwrapped/win64.o/xelab.exe -wto f8cd61e244a54b7e8f8c5ad9cda960fa --incr --debug typical --relax --mt 2 -L xil_defaultlib -L unisims_ver -L unimacro_ver -L secureip --snapshot gray_code_case_behav xil_defaultlib.gray_code_case xil_defaultlib.glbl -log elaborate.log 
Using 2 slave threads.
Starting static elaboration
Completed static elaboration
Starting simulation data flow analysis
Completed simulation data flow analysis
Time Resolution for simulation is 1ps
Compiling module xil_defaultlib.gray_code_case
Compiling module xil_defaultlib.glbl
Built simulation snapshot gray_code_case_behav

****** Webtalk v2018.3 (64-bit)
  **** SW Build 2405991 on Thu Dec  6 23:38:27 MST 2018
  **** IP Build 2404404 on Fri Dec  7 01:43:56 MST 2018
    ** Copyright 1986-2018 Xilinx, Inc. All Rights Reserved.

source C:/Users/SET253-12U.HCCMAIN/Documents/GitHub/ENES247_TRUC/lab7-Behavioral-Modeling/lab7_1_4/lab7_1_4_graycode/lab7_1_4_graycode.sim/sim_1/behav/xsim/xsim.dir/gray_code_case_behav/webtalk/xsim_webtalk.tcl -notrace
INFO: [Common 17-186] 'C:/Users/SET253-12U.HCCMAIN/Documents/GitHub/ENES247_TRUC/lab7-Behavioral-Modeling/lab7_1_4/lab7_1_4_graycode/lab7_1_4_graycode.sim/sim_1/behav/xsim/xsim.dir/gray_code_case_behav/webtalk/usage_statistics_ext_xsim.xml' has been successfully sent to Xilinx on Thu May  2 14:11:46 2019. For additional details about this file, please refer to the WebTalk help file at C:/Xilinx/Vivado/2018.3/doc/webtalk_introduction.html.
INFO: [Common 17-206] Exiting Webtalk at Thu May  2 14:11:46 2019...
run_program: Time (s): cpu = 00:00:00 ; elapsed = 00:00:07 . Memory (MB): peak = 2791.430 ; gain = 0.000
INFO: [USF-XSim-69] 'elaborate' step finished in '7' seconds
INFO: [USF-XSim-4] XSim::Simulate design
INFO: [USF-XSim-61] Executing 'SIMULATE' step in 'C:/Users/SET253-12U.HCCMAIN/Documents/GitHub/ENES247_TRUC/lab7-Behavioral-Modeling/lab7_1_4/lab7_1_4_graycode/lab7_1_4_graycode.sim/sim_1/behav/xsim'
INFO: [USF-XSim-98] *** Running xsim
   with args "gray_code_case_behav -key {Behavioral:sim_1:Functional:gray_code_case} -tclbatch {gray_code_case.tcl} -log {simulate.log}"
INFO: [USF-XSim-8] Loading simulator feature
Vivado Simulator 2018.3
Time resolution is 1 ps
source gray_code_case.tcl
# set curr_wave [current_wave_config]
# if { [string length $curr_wave] == 0 } {
#   if { [llength [get_objects]] > 0} {
#     add_wave /
#     set_property needs_save false [current_wave_config]
#   } else {
#      send_msg_id Add_Wave-1 WARNING "No top level signals found. Simulator will start without a wave window. If you want to open a wave window go to 'File->New Waveform Configuration' or type 'create_wave_config' in the TCL console."
#   }
# }
# run 1000ns
INFO: [USF-XSim-96] XSim completed. Design snapshot 'gray_code_case_behav' loaded.
INFO: [USF-XSim-97] XSim simulation ran for 1000ns
launch_simulation: Time (s): cpu = 00:00:05 ; elapsed = 00:00:13 . Memory (MB): peak = 2801.484 ; gain = 12.023
close_sim
INFO: [Simtcl 6-16] Simulation closed
close_sim: Time (s): cpu = 00:00:02 ; elapsed = 00:00:05 . Memory (MB): peak = 2821.453 ; gain = 0.000
close_project
set_property SOURCE_SET sources_1 [get_filesets sim_1]
add_files -fileset sim_1 -norecurse C:/Users/SET253-12U.HCCMAIN/Documents/GitHub/ENES247_TRUC/lab7-Behavioral-Modeling/lab7_1_5/specific_counter_case_tb.v
update_compile_order -fileset sim_1
update_compile_order -fileset sim_1
synth_design -rtl -name rtl_1
Command: synth_design -rtl -name rtl_1
Starting synth_design
Using part: xc7a100tcsg324-1
Top: specific_counter_case
---------------------------------------------------------------------------------
Starting RTL Elaboration : Time (s): cpu = 00:00:02 ; elapsed = 00:00:02 . Memory (MB): peak = 2874.090 ; gain = 0.000
---------------------------------------------------------------------------------
INFO: [Synth 8-6157] synthesizing module 'specific_counter_case' [C:/Users/SET253-12U.HCCMAIN/Documents/GitHub/ENES247_TRUC/lab7-Behavioral-Modeling/lab7_1_5/specific_counter_case.v:6]
INFO: [Synth 8-6155] done synthesizing module 'specific_counter_case' (1#1) [C:/Users/SET253-12U.HCCMAIN/Documents/GitHub/ENES247_TRUC/lab7-Behavioral-Modeling/lab7_1_5/specific_counter_case.v:6]
---------------------------------------------------------------------------------
Finished RTL Elaboration : Time (s): cpu = 00:00:03 ; elapsed = 00:00:03 . Memory (MB): peak = 2874.090 ; gain = 0.000
---------------------------------------------------------------------------------

Report Check Netlist: 
+------+------------------+-------+---------+-------+------------------+
|      |Item              |Errors |Warnings |Status |Description       |
+------+------------------+-------+---------+-------+------------------+
|1     |multi_driven_nets |      0|        0|Passed |Multi driven nets |
+------+------------------+-------+---------+-------+------------------+
---------------------------------------------------------------------------------
Start Handling Custom Attributes
---------------------------------------------------------------------------------
---------------------------------------------------------------------------------
Finished Handling Custom Attributes : Time (s): cpu = 00:00:03 ; elapsed = 00:00:03 . Memory (MB): peak = 2874.090 ; gain = 0.000
---------------------------------------------------------------------------------
---------------------------------------------------------------------------------
Finished RTL Optimization Phase 1 : Time (s): cpu = 00:00:03 ; elapsed = 00:00:03 . Memory (MB): peak = 2874.090 ; gain = 0.000
---------------------------------------------------------------------------------
INFO: [Project 1-570] Preparing netlist for logic optimization

Processing XDC Constraints
Initializing timing engine
Parsing XDC File [C:/Users/SET253-12U.HCCMAIN/Documents/GitHub/ENES247_TRUC/lab7-Behavioral-Modeling/lab7_1_5/Nexys4DDR_Master.xdc]
Finished Parsing XDC File [C:/Users/SET253-12U.HCCMAIN/Documents/GitHub/ENES247_TRUC/lab7-Behavioral-Modeling/lab7_1_5/Nexys4DDR_Master.xdc]
Completed Processing XDC Constraints

INFO: [Opt 31-138] Pushed 0 inverter(s) to 0 load pin(s).
Netlist sorting complete. Time (s): cpu = 00:00:00 ; elapsed = 00:00:00 . Memory (MB): peak = 2874.090 ; gain = 0.000
INFO: [Project 1-111] Unisim Transformation Summary:
No Unisim elements were transformed.

RTL Elaboration Complete:  : Time (s): cpu = 00:00:07 ; elapsed = 00:00:06 . Memory (MB): peak = 2874.090 ; gain = 0.000
5 Infos, 0 Warnings, 0 Critical Warnings and 0 Errors encountered.
synth_design completed successfully
synth_design: Time (s): cpu = 00:00:07 ; elapsed = 00:00:06 . Memory (MB): peak = 2874.090 ; gain = 0.000
launch_runs impl_1 -to_step write_bitstream -jobs 4
[Thu May  2 14:22:26 2019] Launched synth_1...
Run output will be captured here: C:/Users/SET253-12U.HCCMAIN/Documents/GitHub/ENES247_TRUC/lab7-Behavioral-Modeling/lab7_1_5/lab7_1_5/lab7_1_5.runs/synth_1/runme.log
[Thu May  2 14:22:26 2019] Launched impl_1...
Run output will be captured here: C:/Users/SET253-12U.HCCMAIN/Documents/GitHub/ENES247_TRUC/lab7-Behavioral-Modeling/lab7_1_5/lab7_1_5/lab7_1_5.runs/impl_1/runme.log
close_design
open_run impl_1
INFO: [Project 1-479] Netlist was created with Vivado 2018.3
INFO: [Project 1-570] Preparing netlist for logic optimization
INFO: [Timing 38-478] Restoring timing data from binary archive.
INFO: [Timing 38-479] Binary timing data restore complete.
INFO: [Project 1-856] Restoring constraints from binary archive.
INFO: [Project 1-853] Binary constraint restore complete.
Reading XDEF placement.
Reading placer database...
Reading XDEF routing.
Read XDEF File: Time (s): cpu = 00:00:01 ; elapsed = 00:00:00.047 . Memory (MB): peak = 2933.789 ; gain = 0.000
Restored from archive | CPU: 1.000000 secs | Memory: 0.000000 MB |
Finished XDEF File Restore: Time (s): cpu = 00:00:01 ; elapsed = 00:00:00.047 . Memory (MB): peak = 2933.789 ; gain = 0.000
Netlist sorting complete. Time (s): cpu = 00:00:00 ; elapsed = 00:00:00 . Memory (MB): peak = 2933.789 ; gain = 0.000
INFO: [Project 1-111] Unisim Transformation Summary:
No Unisim elements were transformed.

WARNING: [Timing 38-313] There are no user specified timing constraints. Timing constraints are needed for proper timing analysis.
launch_simulation
INFO: [Vivado 12-5682] Launching behavioral simulation in 'C:/Users/SET253-12U.HCCMAIN/Documents/GitHub/ENES247_TRUC/lab7-Behavioral-Modeling/lab7_1_5/lab7_1_5/lab7_1_5.sim/sim_1/behav/xsim'
INFO: [SIM-utils-51] Simulation object is 'sim_1'
INFO: [SIM-utils-54] Inspecting design source files for 'specific_counter_case_tb' in fileset 'sim_1'...
INFO: [USF-XSim-97] Finding global include files...
INFO: [USF-XSim-98] Fetching design files from 'sim_1'...
INFO: [USF-XSim-2] XSim::Compile design
INFO: [USF-XSim-61] Executing 'COMPILE and ANALYZE' step in 'C:/Users/SET253-12U.HCCMAIN/Documents/GitHub/ENES247_TRUC/lab7-Behavioral-Modeling/lab7_1_5/lab7_1_5/lab7_1_5.sim/sim_1/behav/xsim'
"xvlog --incr --relax -prj specific_counter_case_tb_vlog.prj"
INFO: [VRFC 10-2263] Analyzing Verilog file "C:/Users/SET253-12U.HCCMAIN/Documents/GitHub/ENES247_TRUC/lab7-Behavioral-Modeling/lab7_1_5/specific_counter_case.v" into library xil_defaultlib
INFO: [VRFC 10-311] analyzing module specific_counter_case
INFO: [VRFC 10-2263] Analyzing Verilog file "C:/Users/SET253-12U.HCCMAIN/Documents/GitHub/ENES247_TRUC/lab7-Behavioral-Modeling/lab7_1_5/specific_counter_case_tb.v" into library xil_defaultlib
INFO: [VRFC 10-311] analyzing module specific_counter_case_tb
INFO: [VRFC 10-2263] Analyzing Verilog file "C:/Users/SET253-12U.HCCMAIN/Documents/GitHub/ENES247_TRUC/lab7-Behavioral-Modeling/lab7_1_5/lab7_1_5/lab7_1_5.sim/sim_1/behav/xsim/glbl.v" into library xil_defaultlib
INFO: [VRFC 10-311] analyzing module glbl
INFO: [USF-XSim-69] 'compile' step finished in '2' seconds
INFO: [USF-XSim-3] XSim::Elaborate design
INFO: [USF-XSim-61] Executing 'ELABORATE' step in 'C:/Users/SET253-12U.HCCMAIN/Documents/GitHub/ENES247_TRUC/lab7-Behavioral-Modeling/lab7_1_5/lab7_1_5/lab7_1_5.sim/sim_1/behav/xsim'
Vivado Simulator 2018.3
Copyright 1986-1999, 2001-2018 Xilinx, Inc. All Rights Reserved.
Running: C:/Xilinx/Vivado/2018.3/bin/unwrapped/win64.o/xelab.exe -wto c2a8c5fc4add48c68ca721a8e3fb2216 --incr --debug typical --relax --mt 2 -L xil_defaultlib -L unisims_ver -L unimacro_ver -L secureip --snapshot specific_counter_case_tb_behav xil_defaultlib.specific_counter_case_tb xil_defaultlib.glbl -log elaborate.log 
Using 2 slave threads.
Starting static elaboration
Completed static elaboration
Starting simulation data flow analysis
Completed simulation data flow analysis
Time Resolution for simulation is 1ps
Compiling module xil_defaultlib.specific_counter_case
Compiling module xil_defaultlib.specific_counter_case_tb
Compiling module xil_defaultlib.glbl
Built simulation snapshot specific_counter_case_tb_behav

****** Webtalk v2018.3 (64-bit)
  **** SW Build 2405991 on Thu Dec  6 23:38:27 MST 2018
  **** IP Build 2404404 on Fri Dec  7 01:43:56 MST 2018
    ** Copyright 1986-2018 Xilinx, Inc. All Rights Reserved.

source C:/Users/SET253-12U.HCCMAIN/Documents/GitHub/ENES247_TRUC/lab7-Behavioral-Modeling/lab7_1_5/lab7_1_5/lab7_1_5.sim/sim_1/behav/xsim/xsim.dir/specific_counter_case_tb_behav/webtalk/xsim_webtalk.tcl -notrace
INFO: [Common 17-186] 'C:/Users/SET253-12U.HCCMAIN/Documents/GitHub/ENES247_TRUC/lab7-Behavioral-Modeling/lab7_1_5/lab7_1_5/lab7_1_5.sim/sim_1/behav/xsim/xsim.dir/specific_counter_case_tb_behav/webtalk/usage_statistics_ext_xsim.xml' has been successfully sent to Xilinx on Thu May  2 14:34:20 2019. For additional details about this file, please refer to the WebTalk help file at C:/Xilinx/Vivado/2018.3/doc/webtalk_introduction.html.
INFO: [Common 17-206] Exiting Webtalk at Thu May  2 14:34:20 2019...
run_program: Time (s): cpu = 00:00:01 ; elapsed = 00:00:05 . Memory (MB): peak = 2989.176 ; gain = 0.000
INFO: [USF-XSim-69] 'elaborate' step finished in '5' seconds
INFO: [USF-XSim-4] XSim::Simulate design
INFO: [USF-XSim-61] Executing 'SIMULATE' step in 'C:/Users/SET253-12U.HCCMAIN/Documents/GitHub/ENES247_TRUC/lab7-Behavioral-Modeling/lab7_1_5/lab7_1_5/lab7_1_5.sim/sim_1/behav/xsim'
INFO: [USF-XSim-98] *** Running xsim
   with args "specific_counter_case_tb_behav -key {Behavioral:sim_1:Functional:specific_counter_case_tb} -tclbatch {specific_counter_case_tb.tcl} -log {simulate.log}"
INFO: [USF-XSim-8] Loading simulator feature
Vivado Simulator 2018.3
Time resolution is 1 ps
source specific_counter_case_tb.tcl
# set curr_wave [current_wave_config]
# if { [string length $curr_wave] == 0 } {
#   if { [llength [get_objects]] > 0} {
#     add_wave /
#     set_property needs_save false [current_wave_config]
#   } else {
#      send_msg_id Add_Wave-1 WARNING "No top level signals found. Simulator will start without a wave window. If you want to open a wave window go to 'File->New Waveform Configuration' or type 'create_wave_config' in the TCL console."
#   }
# }
# run 1000ns
enable=0, reset=0, count=xxx at time=               10000
enable=1, reset=0, count=xxx at time=               15000
enable=1, reset=0, count=000 at time=               25000
enable=1, reset=0, count=001 at time=               35000
enable=1, reset=0, count=011 at time=               45000
enable=1, reset=0, count=101 at time=               55000
enable=1, reset=0, count=111 at time=               65000
enable=1, reset=0, count=010 at time=               75000
enable=1, reset=1, count=000 at time=               85000
enable=1, reset=1, count=000 at time=               95000
enable=1, reset=1, count=000 at time=              105000
enable=0, reset=0, count=000 at time=              115000
enable=0, reset=0, count=000 at time=              125000
enable=0, reset=0, count=000 at time=              135000
enable=1, reset=0, count=001 at time=              145000
enable=1, reset=0, count=011 at time=              155000
enable=1, reset=0, count=101 at time=              165000
enable=1, reset=0, count=111 at time=              175000
enable=1, reset=0, count=010 at time=              185000
enable=1, reset=0, count=000 at time=              195000
enable=1, reset=0, count=001 at time=              205000
Simulation Done
INFO: [USF-XSim-96] XSim completed. Design snapshot 'specific_counter_case_tb_behav' loaded.
INFO: [USF-XSim-97] XSim simulation ran for 1000ns
launch_simulation: Time (s): cpu = 00:00:04 ; elapsed = 00:00:10 . Memory (MB): peak = 2993.387 ; gain = 4.211
close_sim
INFO: [Simtcl 6-16] Simulation closed
close_sim: Time (s): cpu = 00:00:01 ; elapsed = 00:00:05 . Memory (MB): peak = 3000.359 ; gain = 0.000
launch_simulation
INFO: [Vivado 12-5682] Launching behavioral simulation in 'C:/Users/SET253-12U.HCCMAIN/Documents/GitHub/ENES247_TRUC/lab7-Behavioral-Modeling/lab7_1_5/lab7_1_5/lab7_1_5.sim/sim_1/behav/xsim'
INFO: [SIM-utils-51] Simulation object is 'sim_1'
INFO: [SIM-utils-54] Inspecting design source files for 'specific_counter_case_tb' in fileset 'sim_1'...
INFO: [USF-XSim-97] Finding global include files...
INFO: [USF-XSim-98] Fetching design files from 'sim_1'...
INFO: [USF-XSim-2] XSim::Compile design
INFO: [USF-XSim-61] Executing 'COMPILE and ANALYZE' step in 'C:/Users/SET253-12U.HCCMAIN/Documents/GitHub/ENES247_TRUC/lab7-Behavioral-Modeling/lab7_1_5/lab7_1_5/lab7_1_5.sim/sim_1/behav/xsim'
"xvlog --incr --relax -prj specific_counter_case_tb_vlog.prj"
INFO: [VRFC 10-2263] Analyzing Verilog file "C:/Users/SET253-12U.HCCMAIN/Documents/GitHub/ENES247_TRUC/lab7-Behavioral-Modeling/lab7_1_5/specific_counter_case.v" into library xil_defaultlib
INFO: [VRFC 10-311] analyzing module specific_counter_case
INFO: [VRFC 10-2263] Analyzing Verilog file "C:/Users/SET253-12U.HCCMAIN/Documents/GitHub/ENES247_TRUC/lab7-Behavioral-Modeling/lab7_1_5/specific_counter_case_tb.v" into library xil_defaultlib
INFO: [VRFC 10-311] analyzing module specific_counter_case_tb
INFO: [USF-XSim-69] 'compile' step finished in '1' seconds
INFO: [USF-XSim-3] XSim::Elaborate design
INFO: [USF-XSim-61] Executing 'ELABORATE' step in 'C:/Users/SET253-12U.HCCMAIN/Documents/GitHub/ENES247_TRUC/lab7-Behavioral-Modeling/lab7_1_5/lab7_1_5/lab7_1_5.sim/sim_1/behav/xsim'
Vivado Simulator 2018.3
Copyright 1986-1999, 2001-2018 Xilinx, Inc. All Rights Reserved.
Running: C:/Xilinx/Vivado/2018.3/bin/unwrapped/win64.o/xelab.exe -wto c2a8c5fc4add48c68ca721a8e3fb2216 --incr --debug typical --relax --mt 2 -L xil_defaultlib -L unisims_ver -L unimacro_ver -L secureip --snapshot specific_counter_case_tb_behav xil_defaultlib.specific_counter_case_tb xil_defaultlib.glbl -log elaborate.log 
Using 2 slave threads.
Starting static elaboration
Completed static elaboration
Starting simulation data flow analysis
Completed simulation data flow analysis
Time Resolution for simulation is 1ps
Compiling module xil_defaultlib.specific_counter_case
Compiling module xil_defaultlib.specific_counter_case_tb
Compiling module xil_defaultlib.glbl
Built simulation snapshot specific_counter_case_tb_behav
INFO: [USF-XSim-69] 'elaborate' step finished in '1' seconds
INFO: [USF-XSim-4] XSim::Simulate design
INFO: [USF-XSim-61] Executing 'SIMULATE' step in 'C:/Users/SET253-12U.HCCMAIN/Documents/GitHub/ENES247_TRUC/lab7-Behavioral-Modeling/lab7_1_5/lab7_1_5/lab7_1_5.sim/sim_1/behav/xsim'
INFO: [USF-XSim-98] *** Running xsim
   with args "specific_counter_case_tb_behav -key {Behavioral:sim_1:Functional:specific_counter_case_tb} -tclbatch {specific_counter_case_tb.tcl} -log {simulate.log}"
INFO: [USF-XSim-8] Loading simulator feature
Vivado Simulator 2018.3
Time resolution is 1 ps
source specific_counter_case_tb.tcl
# set curr_wave [current_wave_config]
# if { [string length $curr_wave] == 0 } {
#   if { [llength [get_objects]] > 0} {
#     add_wave /
#     set_property needs_save false [current_wave_config]
#   } else {
#      send_msg_id Add_Wave-1 WARNING "No top level signals found. Simulator will start without a wave window. If you want to open a wave window go to 'File->New Waveform Configuration' or type 'create_wave_config' in the TCL console."
#   }
# }
# run 1000ns
enable=0, reset=0, count=xxx at time=               15000
enable=1, reset=0, count=xxx at time=               30000
enable=1, reset=0, count=000 at time=               50000
enable=1, reset=0, count=001 at time=               70000
enable=1, reset=0, count=011 at time=               90000
enable=1, reset=0, count=101 at time=              110000
enable=1, reset=0, count=111 at time=              130000
enable=1, reset=0, count=010 at time=              150000
enable=1, reset=1, count=000 at time=              170000
enable=1, reset=1, count=000 at time=              190000
enable=1, reset=1, count=000 at time=              210000
enable=0, reset=0, count=000 at time=              230000
enable=0, reset=0, count=000 at time=              250000
enable=0, reset=0, count=000 at time=              270000
enable=1, reset=0, count=001 at time=              290000
enable=1, reset=0, count=011 at time=              310000
enable=1, reset=0, count=101 at time=              330000
enable=1, reset=0, count=111 at time=              350000
enable=1, reset=0, count=010 at time=              370000
enable=1, reset=0, count=000 at time=              390000
enable=1, reset=0, count=001 at time=              410000
Simulation Done
INFO: [USF-XSim-96] XSim completed. Design snapshot 'specific_counter_case_tb_behav' loaded.
INFO: [USF-XSim-97] XSim simulation ran for 1000ns
launch_simulation: Time (s): cpu = 00:00:03 ; elapsed = 00:00:06 . Memory (MB): peak = 3000.359 ; gain = 0.000
open_hw
connect_hw_server
INFO: [Labtools 27-2285] Connecting to hw_server url TCP:localhost:3121
INFO: [Labtools 27-2222] Launching hw_server...
INFO: [Labtools 27-2221] Launch Output:

****** Xilinx hw_server v2018.3
  **** Build date : Dec  7 2018-00:40:27
    ** Copyright 1986-2018 Xilinx, Inc. All Rights Reserved.


open_hw_target
INFO: [Labtoolstcl 44-466] Opening hw_target localhost:3121/xilinx_tcf/Digilent/210292A6EED3A
set_property PROGRAM.FILE {C:/Users/SET253-12U.HCCMAIN/Documents/GitHub/ENES247_TRUC/lab7-Behavioral-Modeling/lab7_1_5/lab7_1_5/lab7_1_5.runs/impl_1/specific_counter_case.bit} [get_hw_devices xc7a100t_0]
current_hw_device [get_hw_devices xc7a100t_0]
refresh_hw_device -update_hw_probes false [lindex [get_hw_devices xc7a100t_0] 0]
INFO: [Labtools 27-1434] Device xc7a100t (JTAG device index = 0) is programmed with a design that has no supported debug core(s) in it.
set_property PROBES.FILE {} [get_hw_devices xc7a100t_0]
set_property FULL_PROBES.FILE {} [get_hw_devices xc7a100t_0]
set_property PROGRAM.FILE {C:/Users/SET253-12U.HCCMAIN/Documents/GitHub/ENES247_TRUC/lab7-Behavioral-Modeling/lab7_1_5/lab7_1_5/lab7_1_5.runs/impl_1/specific_counter_case.bit} [get_hw_devices xc7a100t_0]
program_hw_devices [get_hw_devices xc7a100t_0]
INFO: [Labtools 27-3164] End of startup status: HIGH
refresh_hw_device [lindex [get_hw_devices xc7a100t_0] 0]
INFO: [Labtools 27-1434] Device xc7a100t (JTAG device index = 0) is programmed with a design that has no supported debug core(s) in it.
close_sim
INFO: [Simtcl 6-16] Simulation closed
exit
INFO: [Common 17-206] Exiting Vivado at Thu May  2 14:51:05 2019...
