#-----------------------------------------------------------
# Vivado v2018.3 (64-bit)
# SW Build 2405991 on Thu Dec  6 23:38:27 MST 2018
# IP Build 2404404 on Fri Dec  7 01:43:56 MST 2018
# Start of session at: Thu Mar 14 11:47:10 2019
# Process ID: 2960
# Current directory: C:/Users/Gau Bin/Documents/GitHub/ENES247_TRUC/lab1-mux/lab1_3_mux2-1-1bitwide-reg
# Command line: vivado.exe -gui_launcher_event rodinguilauncherevent15532 C:\Users\Gau Bin\Documents\GitHub\ENES247_TRUC\lab1-mux\lab1_3_mux2-1-1bitwide-reg\lab1_3_mux2-1-1bitwide-reg.xpr
# Log file: C:/Users/Gau Bin/Documents/GitHub/ENES247_TRUC/lab1-mux/lab1_3_mux2-1-1bitwide-reg/vivado.log
# Journal file: C:/Users/Gau Bin/Documents/GitHub/ENES247_TRUC/lab1-mux/lab1_3_mux2-1-1bitwide-reg\vivado.jou
#-----------------------------------------------------------
start_gui
open_project {C:/Users/Gau Bin/Documents/GitHub/ENES247_TRUC/lab1-mux/lab1_3_mux2-1-1bitwide-reg/lab1_3_mux2-1-1bitwide-reg.xpr}
INFO: [ProjectBase 1-489] The host OS only allows 260 characters in a normal path. The project is stored in a path with more than 80 characters. If you experience issues with IP, Block Designs, or files not being found, please consider moving the project to a location with a shorter path. Alternately consider using the OS subst command to map part of the path to a drive letter.
Current project path is 'C:/Users/Gau Bin/Documents/GitHub/ENES247_TRUC/lab1-mux/lab1_3_mux2-1-1bitwide-reg'
INFO: [Project 1-313] Project file moved from 'C:/Users/SET253-21U.HCCMAIN/Documents/GitHub/ENES247_TRUC/lab1-mux/lab1_3_mux2-1-1bitwide-reg' since last save.
Scanning sources...
Finished scanning sources
WARNING: [filemgmt 56-2] IPUserFilesDir: Could not find the directory 'C:/Users/Gau Bin/Documents/GitHub/ENES247_TRUC/lab1-mux/lab1_3_mux2-1-1bitwide-reg/lab1_3_mux2-1-1bitwide-reg.ip_user_files', nor could it be found using path 'C:/Users/SET253-21U.HCCMAIN/Documents/GitHub/ENES247_TRUC/lab1-mux/lab1_3_mux2-1-1bitwide-reg/lab1_3_mux2-1-1bitwide-reg.ip_user_files'.
CRITICAL WARNING: [Board 49-67] The board_part definition was not found for digilentinc.com:nexys4_ddr:part0:1.1. This can happen sometimes when you use custom board part. You can resolve this issue by setting 'board.repoPaths' parameter, pointing to the location of custom board files. Valid board_part values can be retrieved with the 'get_board_parts' Tcl command.
INFO: [IP_Flow 19-234] Refreshing IP repositories
INFO: [IP_Flow 19-1704] No user IP repositories specified
INFO: [IP_Flow 19-2313] Loaded Vivado IP repository 'C:/Xilinx/Vivado/2018.3/data/ip'.
open_project: Time (s): cpu = 00:00:24 ; elapsed = 00:00:13 . Memory (MB): peak = 733.855 ; gain = 162.293
update_compile_order -fileset sources_1
reset_run synth_1
launch_runs impl_1 -to_step write_bitstream -jobs 2
[Thu Mar 14 11:48:10 2019] Launched synth_1...
Run output will be captured here: C:/Users/Gau Bin/Documents/GitHub/ENES247_TRUC/lab1-mux/lab1_3_mux2-1-1bitwide-reg/lab1_3_mux2-1-1bitwide-reg.runs/synth_1/runme.log
[Thu Mar 14 11:48:11 2019] Launched impl_1...
Run output will be captured here: C:/Users/Gau Bin/Documents/GitHub/ENES247_TRUC/lab1-mux/lab1_3_mux2-1-1bitwide-reg/lab1_3_mux2-1-1bitwide-reg.runs/impl_1/runme.log
reset_run synth_1
launch_runs impl_1 -to_step write_bitstream -jobs 2
[Thu Mar 14 11:48:23 2019] Launched synth_1...
Run output will be captured here: C:/Users/Gau Bin/Documents/GitHub/ENES247_TRUC/lab1-mux/lab1_3_mux2-1-1bitwide-reg/lab1_3_mux2-1-1bitwide-reg.runs/synth_1/runme.log
[Thu Mar 14 11:48:24 2019] Launched impl_1...
Run output will be captured here: C:/Users/Gau Bin/Documents/GitHub/ENES247_TRUC/lab1-mux/lab1_3_mux2-1-1bitwide-reg/lab1_3_mux2-1-1bitwide-reg.runs/impl_1/runme.log
reset_run synth_1
launch_runs synth_1 -jobs 2
[Thu Mar 14 11:48:46 2019] Launched synth_1...
Run output will be captured here: C:/Users/Gau Bin/Documents/GitHub/ENES247_TRUC/lab1-mux/lab1_3_mux2-1-1bitwide-reg/lab1_3_mux2-1-1bitwide-reg.runs/synth_1/runme.log
exit
INFO: [Common 17-206] Exiting Vivado at Thu Mar 14 11:50:45 2019...
